Loaded runner program
Using systolic in mode 0
Loading custom kernel
Using Onnxruntime C++ API
Number of inputs = 1
Input 0 : name=image, type=1, num_dims=4: [1, 3, 224, 224, ]
Number of outputs = 1
Output 0 : name=logits, type=1, num_dims=2: [1, 1000, ]
Loading image
Image dimensions: 1200 1198 3
First few image values 1.315381 1.297952 1.245664
Called into systolic matmul!
Using accelerated matmul with dimensions (192, 196, 768)
Called into systolic matmul!
Using accelerated matmul with dimensions (197, 197, 64)
Called into systolic matmul!
Using accelerated matmul with dimensions (197, 197, 64)
Called into systolic matmul!
Using accelerated matmul with dimensions (197, 197, 64)
Called into systolic matmul!
Using accelerated matmul with dimensions (197, 64, 197)
Called into systolic matmul!
Using accelerated matmul with dimensions (197, 64, 197)
Called into systolic matmul!
Using accelerated matmul with dimensions (197, 64, 197)
Called into systolic matmul!
Using accelerated matmul with dimensions (197, 197, 64)
Called into systolic matmul!
Using accelerated matmul with dimensions (197, 197, 64)
Called into systolic matmul!
Using accelerated matmul with dimensions (197, 197, 64)
Called into systolic matmul!
Using accelerated matmul with dimensions (197, 64, 197)
Called into systolic matmul!
Using accelerated matmul with dimensions (197, 64, 197)
Called into systolic matmul!
Using accelerated matmul with dimensions (197, 64, 197)
Called into systolic matmul!
Using accelerated matmul with dimensions (197, 197, 64)
Called into systolic matmul!
Using accelerated matmul with dimensions (197, 197, 64)
Called into systolic matmul!
Using accelerated matmul with dimensions (197, 197, 64)
Called into systolic matmul!
Using accelerated matmul with dimensions (197, 64, 197)
Called into systolic matmul!
Using accelerated matmul with dimensions (197, 64, 197)
Called into systolic matmul!
Using accelerated matmul with dimensions (197, 64, 197)
Called into systolic matmul!
Using accelerated matmul with dimensions (197, 197, 64)
Called into systolic matmul!
Using accelerated matmul with dimensions (197, 197, 64)
Called into systolic matmul!
Using accelerated matmul with dimensions (197, 197, 64)
Called into systolic matmul!
Using accelerated matmul with dimensions (197, 64, 197)
Called into systolic matmul!
Using accelerated matmul with dimensions (197, 64, 197)
Called into systolic matmul!
Using accelerated matmul with dimensions (197, 64, 197)
Called into systolic matmul!
Using accelerated matmul with dimensions (197, 197, 64)
Called into systolic matmul!
Using accelerated matmul with dimensions (197, 197, 64)
Called into systolic matmul!
Using accelerated matmul with dimensions (197, 197, 64)
Called into systolic matmul!
Using accelerated matmul with dimensions (197, 64, 197)
Called into systolic matmul!
Using accelerated matmul with dimensions (197, 64, 197)
Called into systolic matmul!
Using accelerated matmul with dimensions (197, 64, 197)
Called into systolic matmul!
Using accelerated matmul with dimensions (197, 197, 64)
Called into systolic matmul!
Using accelerated matmul with dimensions (197, 197, 64)
Called into systolic matmul!
Using accelerated matmul with dimensions (197, 197, 64)
Called into systolic matmul!
Using accelerated matmul with dimensions (197, 64, 197)
Called into systolic matmul!
Using accelerated matmul with dimensions (197, 64, 197)
Called into systolic matmul!
Using accelerated matmul with dimensions (197, 64, 197)
Called into systolic matmul!
Using accelerated matmul with dimensions (197, 197, 64)
Called into systolic matmul!
Using accelerated matmul with dimensions (197, 197, 64)
Called into systolic matmul!
Using accelerated matmul with dimensions (197, 197, 64)
Called into systolic matmul!
Using accelerated matmul with dimensions (197, 64, 197)
Called into systolic matmul!
Using accelerated matmul with dimensions (197, 64, 197)
Called into systolic matmul!
Using accelerated matmul with dimensions (197, 64, 197)
Called into systolic matmul!
Using accelerated matmul with dimensions (197, 197, 64)
Called into systolic matmul!
Using accelerated matmul with dimensions (197, 197, 64)
Called into systolic matmul!
Using accelerated matmul with dimensions (197, 197, 64)
Called into systolic matmul!
Using accelerated matmul with dimensions (197, 64, 197)
Called into systolic matmul!
Using accelerated matmul with dimensions (197, 64, 197)
Called into systolic matmul!
Using accelerated matmul with dimensions (197, 64, 197)
Called into systolic matmul!
Using accelerated matmul with dimensions (197, 197, 64)
Called into systolic matmul!
Using accelerated matmul with dimensions (197, 197, 64)
Called into systolic matmul!
Using accelerated matmul with dimensions (197, 197, 64)
Called into systolic matmul!
Using accelerated matmul with dimensions (197, 64, 197)
Called into systolic matmul!
Using accelerated matmul with dimensions (197, 64, 197)
Called into systolic matmul!
Using accelerated matmul with dimensions (197, 64, 197)
Called into systolic matmul!
Using accelerated matmul with dimensions (197, 197, 64)
Called into systolic matmul!
Using accelerated matmul with dimensions (197, 197, 64)
Called into systolic matmul!
Using accelerated matmul with dimensions (197, 197, 64)
Called into systolic matmul!
Using accelerated matmul with dimensions (197, 64, 197)
Called into systolic matmul!
Using accelerated matmul with dimensions (197, 64, 197)
Called into systolic matmul!
Using accelerated matmul with dimensions (197, 64, 197)
Called into systolic matmul!
Using accelerated matmul with dimensions (197, 197, 64)
Called into systolic matmul!
Using accelerated matmul with dimensions (197, 197, 64)
Called into systolic matmul!
Using accelerated matmul with dimensions (197, 197, 64)
Called into systolic matmul!
Using accelerated matmul with dimensions (197, 64, 197)
Called into systolic matmul!
Using accelerated matmul with dimensions (197, 64, 197)
Called into systolic matmul!
Using accelerated matmul with dimensions (197, 64, 197)
Called into systolic matmul!
Using accelerated matmul with dimensions (197, 197, 64)
Called into systolic matmul!
Using accelerated matmul with dimensions (197, 197, 64)
Called into systolic matmul!
Using accelerated matmul with dimensions (197, 197, 64)
Called into systolic matmul!
Using accelerated matmul with dimensions (197, 64, 197)
Called into systolic matmul!
Using accelerated matmul with dimensions (197, 64, 197)
Called into systolic matmul!
Using accelerated matmul with dimensions (197, 64, 197)
Element count 1000. Top 5 classes:
3.173017 ashcan, trash can, garbage can, wastebin, ash bin, ash-bin, ashbin, dustbin, trash barrel, trash bin
3.256688 television, television system
3.438865 restaurant, eating house, eating place, eatery
3.441078 prison, prison house
4.382277 umbrella
Done! Inference took 16113629505 cycles 
