Loaded runner program
Using systolic in mode 0
Loading custom kernel
Using Onnxruntime C++ API
Number of inputs = 1
Input 0 : name=image, type=1, num_dims=4: [1, 3, 224, 224, ]
Number of outputs = 1
Output 0 : name=logits, type=1, num_dims=2: [1, 1000, ]
Loading image
Image dimensions: 1200 1198 3
First few image values 1.315381 1.297952 1.245664
Called into systolic matmul!
Using accelerated matmul with dimensions (3136, 288, 96)
Called into systolic matmul!
Using accelerated matmul with dimensions (49, 49, 32)
Called into systolic matmul!
Using accelerated matmul with dimensions (49, 49, 32)
Called into systolic matmul!
Using accelerated matmul with dimensions (49, 49, 32)
Called into systolic matmul!
Using accelerated matmul with dimensions (49, 49, 32)
Called into systolic matmul!
Using accelerated matmul with dimensions (49, 49, 32)
Called into systolic matmul!
Using accelerated matmul with dimensions (49, 49, 32)
Called into systolic matmul!
Using accelerated matmul with dimensions (49, 49, 32)
Called into systolic matmul!
Using accelerated matmul with dimensions (49, 49, 32)
Called into systolic matmul!
Using accelerated matmul with dimensions (49, 49, 32)
Called into systolic matmul!
Using accelerated matmul with dimensions (49, 49, 32)
Called into systolic matmul!
Using accelerated matmul with dimensions (49, 49, 32)
Called into systolic matmul!
Using accelerated matmul with dimensions (49, 49, 32)
Called into systolic matmul!
Using accelerated matmul with dimensions (49, 49, 32)
Called into systolic matmul!
Using accelerated matmul with dimensions (49, 49, 32)
Called into systolic matmul!
Using accelerated matmul with dimensions (49, 49, 32)
Called into systolic matmul!
Using accelerated matmul with dimensions (49, 49, 32)
Called into systolic matmul!
Using accelerated matmul with dimensions (49, 49, 32)
Called into systolic matmul!
Using accelerated matmul with dimensions (49, 49, 32)
Called into systolic matmul!
Using accelerated matmul with dimensions (49, 49, 32)
Called into systolic matmul!
Using accelerated matmul with dimensions (49, 49, 32)
Called into systolic matmul!
Using accelerated matmul with dimensions (49, 49, 32)
Called into systolic matmul!
Using accelerated matmul with dimensions (49, 49, 32)
Called into systolic matmul!
Using accelerated matmul with dimensions (49, 49, 32)
Called into systolic matmul!
Using accelerated matmul with dimensions (49, 49, 32)
Called into systolic matmul!
Using accelerated matmul with dimensions (49, 49, 32)
Called into systolic matmul!
Using accelerated matmul with dimensions (49, 49, 32)
Called into systolic matmul!
Using accelerated matmul with dimensions (49, 49, 32)
Called into systolic matmul!
Using accelerated matmul with dimensions (49, 49, 32)
Called into systolic matmul!
Using accelerated matmul with dimensions (49, 49, 32)
Called into systolic matmul!
Using accelerated matmul with dimensions (49, 49, 32)
Called into systolic matmul!
Using accelerated matmul with dimensions (49, 49, 32)
Called into systolic matmul!
Using accelerated matmul with dimensions (49, 49, 32)
Called into systolic matmul!
Using accelerated matmul with dimensions (49, 49, 32)
Called into systolic matmul!
Using accelerated matmul with dimensions (49, 49, 32)
Called into systolic matmul!
Using accelerated matmul with dimensions (49, 49, 32)
Called into systolic matmul!
Using accelerated matmul with dimensions (49, 49, 32)
Called into systolic matmul!
Using accelerated matmul with dimensions (49, 49, 32)
Called into systolic matmul!
Using accelerated matmul with dimensions (49, 49, 32)
Called into systolic matmul!
Using accelerated matmul with dimensions (49, 49, 32)
Called into systolic matmul!
Using accelerated matmul with dimensions (49, 49, 32)
Called into systolic matmul!
Using accelerated matmul with dimensions (49, 49, 32)
Called into systolic matmul!
Using accelerated matmul with dimensions (49, 49, 32)
Called into systolic matmul!
Using accelerated matmul with dimensions (49, 49, 32)
Called into systolic matmul!
Using accelerated matmul with dimensions (49, 49, 32)
Called into systolic matmul!
Using accelerated matmul with dimensions (49, 49, 32)
Called into systolic matmul!
Using accelerated matmul with dimensions (49, 49, 32)
Called into systolic matmul!
Using accelerated matmul with dimensions (49, 49, 32)
Called into systolic matmul!
Using accelerated matmul with dimensions (49, 49, 32)
Called into systolic matmul!
Using accelerated matmul with dimensions (49, 49, 32)
Called into systolic matmul!
Using accelerated matmul with dimensions (49, 49, 32)
Called into systolic matmul!
Using accelerated matmul with dimensions (49, 49, 32)
Called into systolic matmul!
Using accelerated matmul with dimensions (49, 49, 32)
Called into systolic matmul!
Using accelerated matmul with dimensions (49, 49, 32)
Called into systolic matmul!
Using accelerated matmul with dimensions (49, 49, 32)
Called into systolic matmul!
Using accelerated matmul with dimensions (49, 49, 32)
Called into systolic matmul!
Using accelerated matmul with dimensions (49, 49, 32)
Called into systolic matmul!
Using accelerated matmul with dimensions (49, 49, 32)
Called into systolic matmul!
Using accelerated matmul with dimensions (49, 49, 32)
Called into systolic matmul!
Using accelerated matmul with dimensions (49, 49, 32)
Called into systolic matmul!
Using accelerated matmul with dimensions (49, 49, 32)
Called into systolic matmul!
Using accelerated matmul with dimensions (49, 49, 32)
Called into systolic matmul!
Using accelerated matmul with dimensions (49, 49, 32)
Called into systolic matmul!
Using accelerated matmul with dimensions (49, 49, 32)
Called into systolic matmul!
Using accelerated matmul with dimensions (49, 49, 32)
Called into systolic matmul!
Using accelerated matmul with dimensions (49, 49, 32)
Called into systolic matmul!
Using accelerated matmul with dimensions (49, 49, 32)
Called into systolic matmul!
Using accelerated matmul with dimensions (49, 49, 32)
Called into systolic matmul!
Using accelerated matmul with dimensions (49, 49, 32)
Called into systolic matmul!
Using accelerated matmul with dimensions (49, 49, 32)
Called into systolic matmul!
Using accelerated matmul with dimensions (49, 49, 32)
Called into systolic matmul!
Using accelerated matmul with dimensions (49, 49, 32)
Called into systolic matmul!
Using accelerated matmul with dimensions (49, 49, 32)
Called into systolic matmul!
Using accelerated matmul with dimensions (49, 49, 32)
Called into systolic matmul!
Using accelerated matmul with dimensions (49, 49, 32)
Called into systolic matmul!
Using accelerated matmul with dimensions (49, 49, 32)
Called into systolic matmul!
Using accelerated matmul with dimensions (49, 49, 32)
Called into systolic matmul!
Using accelerated matmul with dimensions (49, 49, 32)
Called into systolic matmul!
Using accelerated matmul with dimensions (49, 49, 32)
Called into systolic matmul!
Using accelerated matmul with dimensions (49, 49, 32)
Called into systolic matmul!
Using accelerated matmul with dimensions (49, 49, 32)
Called into systolic matmul!
Using accelerated matmul with dimensions (49, 49, 32)
Called into systolic matmul!
Using accelerated matmul with dimensions (49, 49, 32)
Called into systolic matmul!
Using accelerated matmul with dimensions (49, 49, 32)
Called into systolic matmul!
Using accelerated matmul with dimensions (49, 49, 32)
Called into systolic matmul!
Using accelerated matmul with dimensions (49, 49, 32)
Called into systolic matmul!
Using accelerated matmul with dimensions (49, 49, 32)
Called into systolic matmul!
Using accelerated matmul with dimensions (49, 49, 32)
Called into systolic matmul!
Using accelerated matmul with dimensions (49, 49, 32)
Called into systolic matmul!
Using accelerated matmul with dimensions (49, 49, 32)
Called into systolic matmul!
Using accelerated matmul with dimensions (49, 49, 32)
Called into systolic matmul!
Using accelerated matmul with dimensions (49, 49, 32)
Called into systolic matmul!
Using accelerated matmul with dimensions (49, 49, 32)
Called into systolic matmul!
Using accelerated matmul with dimensions (49, 49, 32)
Called into systolic matmul!
Using accelerated matmul with dimensions (49, 49, 32)
Called into systolic matmul!
Using accelerated matmul with dimensions (49, 49, 32)
Called into systolic matmul!
Using accelerated matmul with dimensions (49, 49, 32)
Called into systolic matmul!
Using accelerated matmul with dimensions (49, 49, 32)
Called into systolic matmul!
Using accelerated matmul with dimensions (49, 49, 32)
Called into systolic matmul!
Using accelerated matmul with dimensions (49, 49, 32)
Called into systolic matmul!
Using accelerated matmul with dimensions (49, 49, 32)
Called into systolic matmul!
Using accelerated matmul with dimensions (49, 49, 32)
Called into systolic matmul!
Using accelerated matmul with dimensions (49, 49, 32)
Called into systolic matmul!
Using accelerated matmul with dimensions (49, 49, 32)
Called into systolic matmul!
Using accelerated matmul with dimensions (49, 49, 32)
Called into systolic matmul!
Using accelerated matmul with dimensions (49, 49, 32)
Called into systolic matmul!
Using accelerated matmul with dimensions (49, 49, 32)
Called into systolic matmul!
Using accelerated matmul with dimensions (49, 49, 32)
Called into systolic matmul!
Using accelerated matmul with dimensions (49, 49, 32)
Called into systolic matmul!
Using accelerated matmul with dimensions (49, 49, 32)
Called into systolic matmul!
Using accelerated matmul with dimensions (49, 49, 32)
Called into systolic matmul!
Using accelerated matmul with dimensions (49, 49, 32)
Called into systolic matmul!
Using accelerated matmul with dimensions (49, 49, 32)
Called into systolic matmul!
Using accelerated matmul with dimensions (49, 49, 32)
Called into systolic matmul!
Using accelerated matmul with dimensions (49, 49, 32)
Called into systolic matmul!
Using accelerated matmul with dimensions (49, 49, 32)
Called into systolic matmul!
Using accelerated matmul with dimensions (49, 49, 32)
Called into systolic matmul!
Using accelerated matmul with dimensions (49, 49, 32)
Called into systolic matmul!
Using accelerated matmul with dimensions (49, 49, 32)
Called into systolic matmul!
Using accelerated matmul with dimensions (49, 49, 32)
Called into systolic matmul!
Using accelerated matmul with dimensions (49, 49, 32)
Called into systolic matmul!
Using accelerated matmul with dimensions (49, 49, 32)
Called into systolic matmul!
Using accelerated matmul with dimensions (49, 49, 32)
Called into systolic matmul!
Using accelerated matmul with dimensions (49, 49, 32)
Called into systolic matmul!
Using accelerated matmul with dimensions (49, 49, 32)
Called into systolic matmul!
Using accelerated matmul with dimensions (49, 49, 32)
Called into systolic matmul!
Using accelerated matmul with dimensions (49, 49, 32)
Called into systolic matmul!
Using accelerated matmul with dimensions (49, 49, 32)
Called into systolic matmul!
Using accelerated matmul with dimensions (49, 49, 32)
Called into systolic matmul!
Using accelerated matmul with dimensions (49, 49, 32)
Called into systolic matmul!
Using accelerated matmul with dimensions (49, 49, 32)
Called into systolic matmul!
Using accelerated matmul with dimensions (49, 49, 32)
Called into systolic matmul!
Using accelerated matmul with dimensions (49, 49, 32)
Called into systolic matmul!
Using accelerated matmul with dimensions (49, 49, 32)
Called into systolic matmul!
Using accelerated matmul with dimensions (49, 49, 32)
Called into systolic matmul!
Using accelerated matmul with dimensions (49, 49, 32)
Called into systolic matmul!
Using accelerated matmul with dimensions (49, 49, 32)
Called into systolic matmul!
Using accelerated matmul with dimensions (49, 49, 32)
Called into systolic matmul!
Using accelerated matmul with dimensions (49, 49, 32)
Called into systolic matmul!
Using accelerated matmul with dimensions (49, 49, 32)
Called into systolic matmul!
Using accelerated matmul with dimensions (49, 49, 32)
Called into systolic matmul!
Using accelerated matmul with dimensions (49, 49, 32)
Called into systolic matmul!
Using accelerated matmul with dimensions (49, 49, 32)
Called into systolic matmul!
Using accelerated matmul with dimensions (49, 49, 32)
Called into systolic matmul!
Using accelerated matmul with dimensions (49, 49, 32)
Called into systolic matmul!
Using accelerated matmul with dimensions (49, 49, 32)
Called into systolic matmul!
Using accelerated matmul with dimensions (49, 49, 32)
Called into systolic matmul!
Using accelerated matmul with dimensions (49, 49, 32)
Called into systolic matmul!
Using accelerated matmul with dimensions (49, 49, 32)
Called into systolic matmul!
Using accelerated matmul with dimensions (49, 49, 32)
Called into systolic matmul!
Using accelerated matmul with dimensions (49, 49, 32)
Called into systolic matmul!
Using accelerated matmul with dimensions (49, 49, 32)
Called into systolic matmul!
Using accelerated matmul with dimensions (49, 49, 32)
Called into systolic matmul!
Using accelerated matmul with dimensions (49, 49, 32)
Called into systolic matmul!
Using accelerated matmul with dimensions (49, 49, 32)
Called into systolic matmul!
Using accelerated matmul with dimensions (49, 49, 32)
Called into systolic matmul!
Using accelerated matmul with dimensions (49, 49, 32)
Called into systolic matmul!
Using accelerated matmul with dimensions (49, 49, 32)
Called into systolic matmul!
Using accelerated matmul with dimensions (49, 49, 32)
Called into systolic matmul!
Using accelerated matmul with dimensions (49, 49, 32)
Called into systolic matmul!
Using accelerated matmul with dimensions (49, 49, 32)
Called into systolic matmul!
Using accelerated matmul with dimensions (49, 49, 32)
Called into systolic matmul!
Using accelerated matmul with dimensions (49, 49, 32)
Called into systolic matmul!
Using accelerated matmul with dimensions (49, 49, 32)
Called into systolic matmul!
Using accelerated matmul with dimensions (49, 49, 32)
Called into systolic matmul!
Using accelerated matmul with dimensions (49, 49, 32)
Called into systolic matmul!
Using accelerated matmul with dimensions (49, 49, 32)
Called into systolic matmul!
Using accelerated matmul with dimensions (49, 49, 32)
Called into systolic matmul!
Using accelerated matmul with dimensions (49, 49, 32)
Called into systolic matmul!
Using accelerated matmul with dimensions (49, 49, 32)
Called into systolic matmul!
Using accelerated matmul with dimensions (49, 49, 32)
Called into systolic matmul!
Using accelerated matmul with dimensions (49, 49, 32)
Called into systolic matmul!
Using accelerated matmul with dimensions (49, 49, 32)
Called into systolic matmul!
Using accelerated matmul with dimensions (49, 49, 32)
Called into systolic matmul!
Using accelerated matmul with dimensions (49, 49, 32)
Called into systolic matmul!
Using accelerated matmul with dimensions (49, 49, 32)
Called into systolic matmul!
Using accelerated matmul with dimensions (49, 49, 32)
Called into systolic matmul!
Using accelerated matmul with dimensions (49, 49, 32)
Called into systolic matmul!
Using accelerated matmul with dimensions (49, 49, 32)
Called into systolic matmul!
Using accelerated matmul with dimensions (49, 49, 32)
Called into systolic matmul!
Using accelerated matmul with dimensions (49, 49, 32)
Called into systolic matmul!
Using accelerated matmul with dimensions (49, 49, 32)
Called into systolic matmul!
Using accelerated matmul with dimensions (49, 49, 32)
Called into systolic matmul!
Using accelerated matmul with dimensions (49, 49, 32)
Called into systolic matmul!
Using accelerated matmul with dimensions (49, 49, 32)
Called into systolic matmul!
Using accelerated matmul with dimensions (49, 49, 32)
Called into systolic matmul!
Using accelerated matmul with dimensions (49, 49, 32)
Called into systolic matmul!
Using accelerated matmul with dimensions (49, 49, 32)
Called into systolic matmul!
Using accelerated matmul with dimensions (49, 49, 32)
Called into systolic matmul!
Using accelerated matmul with dimensions (49, 49, 32)
Called into systolic matmul!
Using accelerated matmul with dimensions (49, 49, 32)
Called into systolic matmul!
Using accelerated matmul with dimensions (49, 49, 32)
Called into systolic matmul!
Using accelerated matmul with dimensions (49, 49, 32)
Called into systolic matmul!
Using accelerated matmul with dimensions (49, 32, 49)
Called into systolic matmul!
Using accelerated matmul with dimensions (49, 32, 49)
Called into systolic matmul!
Using accelerated matmul with dimensions (49, 32, 49)
Called into systolic matmul!
Using accelerated matmul with dimensions (49, 32, 49)
Called into systolic matmul!
Using accelerated matmul with dimensions (49, 32, 49)
Called into systolic matmul!
Using accelerated matmul with dimensions (49, 32, 49)
Called into systolic matmul!
Using accelerated matmul with dimensions (49, 32, 49)
Called into systolic matmul!
Using accelerated matmul with dimensions (49, 32, 49)
Called into systolic matmul!
Using accelerated matmul with dimensions (49, 32, 49)
Called into systolic matmul!
Using accelerated matmul with dimensions (49, 32, 49)
Called into systolic matmul!
Using accelerated matmul with dimensions (49, 32, 49)
Called into systolic matmul!
Using accelerated matmul with dimensions (49, 32, 49)
Called into systolic matmul!
Using accelerated matmul with dimensions (49, 32, 49)
Called into systolic matmul!
Using accelerated matmul with dimensions (49, 32, 49)
Called into systolic matmul!
Using accelerated matmul with dimensions (49, 32, 49)
Called into systolic matmul!
Using accelerated matmul with dimensions (49, 32, 49)
Called into systolic matmul!
Using accelerated matmul with dimensions (49, 32, 49)
Called into systolic matmul!
Using accelerated matmul with dimensions (49, 32, 49)
Called into systolic matmul!
Using accelerated matmul with dimensions (49, 32, 49)
Called into systolic matmul!
Using accelerated matmul with dimensions (49, 32, 49)
Called into systolic matmul!
Using accelerated matmul with dimensions (49, 32, 49)
Called into systolic matmul!
Using accelerated matmul with dimensions (49, 32, 49)
Called into systolic matmul!
Using accelerated matmul with dimensions (49, 32, 49)
Called into systolic matmul!
Using accelerated matmul with dimensions (49, 32, 49)
Called into systolic matmul!
Using accelerated matmul with dimensions (49, 32, 49)
Called into systolic matmul!
Using accelerated matmul with dimensions (49, 32, 49)
Called into systolic matmul!
Using accelerated matmul with dimensions (49, 32, 49)
Called into systolic matmul!
Using accelerated matmul with dimensions (49, 32, 49)
Called into systolic matmul!
Using accelerated matmul with dimensions (49, 32, 49)
Called into systolic matmul!
Using accelerated matmul with dimensions (49, 32, 49)
Called into systolic matmul!
Using accelerated matmul with dimensions (49, 32, 49)
Called into systolic matmul!
Using accelerated matmul with dimensions (49, 32, 49)
Called into systolic matmul!
Using accelerated matmul with dimensions (49, 32, 49)
Called into systolic matmul!
Using accelerated matmul with dimensions (49, 32, 49)
Called into systolic matmul!
Using accelerated matmul with dimensions (49, 32, 49)
Called into systolic matmul!
Using accelerated matmul with dimensions (49, 32, 49)
Called into systolic matmul!
Using accelerated matmul with dimensions (49, 32, 49)
Called into systolic matmul!
Using accelerated matmul with dimensions (49, 32, 49)
Called into systolic matmul!
Using accelerated matmul with dimensions (49, 32, 49)
Called into systolic matmul!
Using accelerated matmul with dimensions (49, 32, 49)
Called into systolic matmul!
Using accelerated matmul with dimensions (49, 32, 49)
Called into systolic matmul!
Using accelerated matmul with dimensions (49, 32, 49)
Called into systolic matmul!
Using accelerated matmul with dimensions (49, 32, 49)
Called into systolic matmul!
Using accelerated matmul with dimensions (49, 32, 49)
Called into systolic matmul!
Using accelerated matmul with dimensions (49, 32, 49)
Called into systolic matmul!
Using accelerated matmul with dimensions (49, 32, 49)
Called into systolic matmul!
Using accelerated matmul with dimensions (49, 32, 49)
Called into systolic matmul!
Using accelerated matmul with dimensions (49, 32, 49)
Called into systolic matmul!
Using accelerated matmul with dimensions (49, 32, 49)
Called into systolic matmul!
Using accelerated matmul with dimensions (49, 32, 49)
Called into systolic matmul!
Using accelerated matmul with dimensions (49, 32, 49)
Called into systolic matmul!
Using accelerated matmul with dimensions (49, 32, 49)
Called into systolic matmul!
Using accelerated matmul with dimensions (49, 32, 49)
Called into systolic matmul!
Using accelerated matmul with dimensions (49, 32, 49)
Called into systolic matmul!
Using accelerated matmul with dimensions (49, 32, 49)
Called into systolic matmul!
Using accelerated matmul with dimensions (49, 32, 49)
Called into systolic matmul!
Using accelerated matmul with dimensions (49, 32, 49)
Called into systolic matmul!
Using accelerated matmul with dimensions (49, 32, 49)
Called into systolic matmul!
Using accelerated matmul with dimensions (49, 32, 49)
Called into systolic matmul!
Using accelerated matmul with dimensions (49, 32, 49)
Called into systolic matmul!
Using accelerated matmul with dimensions (49, 32, 49)
Called into systolic matmul!
Using accelerated matmul with dimensions (49, 32, 49)
Called into systolic matmul!
Using accelerated matmul with dimensions (49, 32, 49)
Called into systolic matmul!
Using accelerated matmul with dimensions (49, 32, 49)
Called into systolic matmul!
Using accelerated matmul with dimensions (49, 32, 49)
Called into systolic matmul!
Using accelerated matmul with dimensions (49, 32, 49)
Called into systolic matmul!
Using accelerated matmul with dimensions (49, 32, 49)
Called into systolic matmul!
Using accelerated matmul with dimensions (49, 32, 49)
Called into systolic matmul!
Using accelerated matmul with dimensions (49, 32, 49)
Called into systolic matmul!
Using accelerated matmul with dimensions (49, 32, 49)
Called into systolic matmul!
Using accelerated matmul with dimensions (49, 32, 49)
Called into systolic matmul!
Using accelerated matmul with dimensions (49, 32, 49)
Called into systolic matmul!
Using accelerated matmul with dimensions (49, 32, 49)
Called into systolic matmul!
Using accelerated matmul with dimensions (49, 32, 49)
Called into systolic matmul!
Using accelerated matmul with dimensions (49, 32, 49)
Called into systolic matmul!
Using accelerated matmul with dimensions (49, 32, 49)
Called into systolic matmul!
Using accelerated matmul with dimensions (49, 32, 49)
Called into systolic matmul!
Using accelerated matmul with dimensions (49, 32, 49)
Called into systolic matmul!
Using accelerated matmul with dimensions (49, 32, 49)
Called into systolic matmul!
Using accelerated matmul with dimensions (49, 32, 49)
Called into systolic matmul!
Using accelerated matmul with dimensions (49, 32, 49)
Called into systolic matmul!
Using accelerated matmul with dimensions (49, 32, 49)
Called into systolic matmul!
Using accelerated matmul with dimensions (49, 32, 49)
Called into systolic matmul!
Using accelerated matmul with dimensions (49, 32, 49)
Called into systolic matmul!
Using accelerated matmul with dimensions (49, 32, 49)
Called into systolic matmul!
Using accelerated matmul with dimensions (49, 32, 49)
Called into systolic matmul!
Using accelerated matmul with dimensions (49, 32, 49)
Called into systolic matmul!
Using accelerated matmul with dimensions (49, 32, 49)
Called into systolic matmul!
Using accelerated matmul with dimensions (49, 32, 49)
Called into systolic matmul!
Using accelerated matmul with dimensions (49, 32, 49)
Called into systolic matmul!
Using accelerated matmul with dimensions (49, 32, 49)
Called into systolic matmul!
Using accelerated matmul with dimensions (49, 32, 49)
Called into systolic matmul!
Using accelerated matmul with dimensions (49, 32, 49)
Called into systolic matmul!
Using accelerated matmul with dimensions (49, 32, 49)
Called into systolic matmul!
Using accelerated matmul with dimensions (49, 32, 49)
Called into systolic matmul!
Using accelerated matmul with dimensions (49, 32, 49)
Called into systolic matmul!
Using accelerated matmul with dimensions (49, 32, 49)
Called into systolic matmul!
Using accelerated matmul with dimensions (49, 32, 49)
Called into systolic matmul!
Using accelerated matmul with dimensions (49, 32, 49)
Called into systolic matmul!
Using accelerated matmul with dimensions (49, 32, 49)
Called into systolic matmul!
Using accelerated matmul with dimensions (49, 32, 49)
Called into systolic matmul!
Using accelerated matmul with dimensions (49, 32, 49)
Called into systolic matmul!
Using accelerated matmul with dimensions (49, 32, 49)
Called into systolic matmul!
Using accelerated matmul with dimensions (49, 32, 49)
Called into systolic matmul!
Using accelerated matmul with dimensions (49, 32, 49)
Called into systolic matmul!
Using accelerated matmul with dimensions (49, 32, 49)
Called into systolic matmul!
Using accelerated matmul with dimensions (49, 32, 49)
Called into systolic matmul!
Using accelerated matmul with dimensions (49, 32, 49)
Called into systolic matmul!
Using accelerated matmul with dimensions (49, 32, 49)
Called into systolic matmul!
Using accelerated matmul with dimensions (49, 32, 49)
Called into systolic matmul!
Using accelerated matmul with dimensions (49, 32, 49)
Called into systolic matmul!
Using accelerated matmul with dimensions (49, 32, 49)
Called into systolic matmul!
Using accelerated matmul with dimensions (49, 32, 49)
Called into systolic matmul!
Using accelerated matmul with dimensions (49, 32, 49)
Called into systolic matmul!
Using accelerated matmul with dimensions (49, 32, 49)
Called into systolic matmul!
Using accelerated matmul with dimensions (49, 32, 49)
Called into systolic matmul!
Using accelerated matmul with dimensions (49, 32, 49)
Called into systolic matmul!
Using accelerated matmul with dimensions (49, 32, 49)
Called into systolic matmul!
Using accelerated matmul with dimensions (49, 32, 49)
Called into systolic matmul!
Using accelerated matmul with dimensions (49, 32, 49)
Called into systolic matmul!
Using accelerated matmul with dimensions (49, 32, 49)
Called into systolic matmul!
Using accelerated matmul with dimensions (49, 32, 49)
Called into systolic matmul!
Using accelerated matmul with dimensions (49, 32, 49)
Called into systolic matmul!
Using accelerated matmul with dimensions (49, 32, 49)
Called into systolic matmul!
Using accelerated matmul with dimensions (49, 32, 49)
Called into systolic matmul!
Using accelerated matmul with dimensions (49, 32, 49)
Called into systolic matmul!
Using accelerated matmul with dimensions (49, 32, 49)
Called into systolic matmul!
Using accelerated matmul with dimensions (49, 32, 49)
Called into systolic matmul!
Using accelerated matmul with dimensions (49, 32, 49)
Called into systolic matmul!
Using accelerated matmul with dimensions (49, 32, 49)
Called into systolic matmul!
Using accelerated matmul with dimensions (49, 32, 49)
Called into systolic matmul!
Using accelerated matmul with dimensions (49, 32, 49)
Called into systolic matmul!
Using accelerated matmul with dimensions (49, 32, 49)
Called into systolic matmul!
Using accelerated matmul with dimensions (49, 32, 49)
Called into systolic matmul!
Using accelerated matmul with dimensions (49, 32, 49)
Called into systolic matmul!
Using accelerated matmul with dimensions (49, 32, 49)
Called into systolic matmul!
Using accelerated matmul with dimensions (49, 32, 49)
Called into systolic matmul!
Using accelerated matmul with dimensions (49, 32, 49)
Called into systolic matmul!
Using accelerated matmul with dimensions (49, 32, 49)
Called into systolic matmul!
Using accelerated matmul with dimensions (49, 32, 49)
Called into systolic matmul!
Using accelerated matmul with dimensions (49, 32, 49)
Called into systolic matmul!
Using accelerated matmul with dimensions (49, 32, 49)
Called into systolic matmul!
Using accelerated matmul with dimensions (49, 32, 49)
Called into systolic matmul!
Using accelerated matmul with dimensions (49, 32, 49)
Called into systolic matmul!
Using accelerated matmul with dimensions (49, 32, 49)
Called into systolic matmul!
Using accelerated matmul with dimensions (49, 32, 49)
Called into systolic matmul!
Using accelerated matmul with dimensions (49, 32, 49)
Called into systolic matmul!
Using accelerated matmul with dimensions (49, 32, 49)
Called into systolic matmul!
Using accelerated matmul with dimensions (49, 32, 49)
Called into systolic matmul!
Using accelerated matmul with dimensions (49, 32, 49)
Called into systolic matmul!
Using accelerated matmul with dimensions (49, 32, 49)
Called into systolic matmul!
Using accelerated matmul with dimensions (49, 32, 49)
Called into systolic matmul!
Using accelerated matmul with dimensions (49, 32, 49)
Called into systolic matmul!
Using accelerated matmul with dimensions (49, 32, 49)
Called into systolic matmul!
Using accelerated matmul with dimensions (49, 32, 49)
Called into systolic matmul!
Using accelerated matmul with dimensions (49, 32, 49)
Called into systolic matmul!
Using accelerated matmul with dimensions (49, 32, 49)
Called into systolic matmul!
Using accelerated matmul with dimensions (49, 32, 49)
Called into systolic matmul!
Using accelerated matmul with dimensions (49, 32, 49)
Called into systolic matmul!
Using accelerated matmul with dimensions (49, 32, 49)
Called into systolic matmul!
Using accelerated matmul with dimensions (49, 32, 49)
Called into systolic matmul!
Using accelerated matmul with dimensions (49, 32, 49)
Called into systolic matmul!
Using accelerated matmul with dimensions (49, 32, 49)
Called into systolic matmul!
Using accelerated matmul with dimensions (49, 32, 49)
Called into systolic matmul!
Using accelerated matmul with dimensions (49, 32, 49)
Called into systolic matmul!
Using accelerated matmul with dimensions (49, 32, 49)
Called into systolic matmul!
Using accelerated matmul with dimensions (49, 32, 49)
Called into systolic matmul!
Using accelerated matmul with dimensions (49, 32, 49)
Called into systolic matmul!
Using accelerated matmul with dimensions (49, 32, 49)
Called into systolic matmul!
Using accelerated matmul with dimensions (49, 32, 49)
Called into systolic matmul!
Using accelerated matmul with dimensions (49, 32, 49)
Called into systolic matmul!
Using accelerated matmul with dimensions (49, 32, 49)
Called into systolic matmul!
Using accelerated matmul with dimensions (49, 32, 49)
Called into systolic matmul!
Using accelerated matmul with dimensions (49, 32, 49)
Called into systolic matmul!
Using accelerated matmul with dimensions (49, 32, 49)
Called into systolic matmul!
Using accelerated matmul with dimensions (49, 32, 49)
Called into systolic matmul!
Using accelerated matmul with dimensions (49, 32, 49)
Called into systolic matmul!
Using accelerated matmul with dimensions (49, 32, 49)
Called into systolic matmul!
Using accelerated matmul with dimensions (49, 32, 49)
Called into systolic matmul!
Using accelerated matmul with dimensions (49, 32, 49)
Called into systolic matmul!
Using accelerated matmul with dimensions (49, 32, 49)
Called into systolic matmul!
Using accelerated matmul with dimensions (49, 32, 49)
Called into systolic matmul!
Using accelerated matmul with dimensions (49, 32, 49)
Called into systolic matmul!
Using accelerated matmul with dimensions (49, 32, 49)
Called into systolic matmul!
Using accelerated matmul with dimensions (49, 32, 49)
Called into systolic matmul!
Using accelerated matmul with dimensions (49, 32, 49)
Called into systolic matmul!
Using accelerated matmul with dimensions (49, 32, 49)
Called into systolic matmul!
Using accelerated matmul with dimensions (49, 32, 49)
Called into systolic matmul!
Using accelerated matmul with dimensions (49, 32, 49)
Called into systolic matmul!
Using accelerated matmul with dimensions (49, 32, 49)
Called into systolic matmul!
Using accelerated matmul with dimensions (49, 32, 49)
Called into systolic matmul!
Using accelerated matmul with dimensions (49, 32, 49)
Called into systolic matmul!
Using accelerated matmul with dimensions (3136, 96, 96)
Called into systolic matmul!
Using accelerated matmul with dimensions (3136, 384, 96)
