=== I-ViT ONNX Runtime on Spike ===
Spike     : /root/flexi/chipyard/.conda-env/riscv-tools/bin/spike
PK        : /root/flexi/chipyard/toolchains/riscv-tools/riscv-pk/build/pk
Runner    : /root/flexi/third-party/I-ViT-Gemmini/tvm-gemmini/3rdparty/gemmini/software/onnxruntime-riscv/systolic_runner/imagenet_runner/ort_test
ModelName : swin_tiny_patch4_window7_224
Model     : /root/flexi/bench/build/ort/swin_tiny_int8.onnx
Image     : scripts/gemmini/test_cat.jpg
Mode (-x) : Gemmini-OS (1)
Opt (-O)  : 1
CustomOps : 1

Command: /root/flexi/chipyard/.conda-env/riscv-tools/bin/spike --extension=gemmini /root/flexi/chipyard/toolchains/riscv-tools/riscv-pk/build/pk /root/flexi/third-party/I-ViT-Gemmini/tvm-gemmini/3rdparty/gemmini/software/onnxruntime-riscv/systolic_runner/imagenet_runner/ort_test -m /root/flexi/bench/build/ort/swin_tiny_int8.onnx -i scripts/gemmini/test_cat.jpg -p mxnet -x 1 -O 1 -k 1 

Loaded runner program
Using systolic in mode 1
Loading custom kernel
Using Onnxruntime C++ API
Number of inputs = 1
Input 0 : name=image, type=1, num_dims=4: [1, 3, 224, 224, ]
Number of outputs = 1
Output 0 : name=logits, type=1, num_dims=2: [1, 1000, ]
Loading image
Image dimensions: 1200 1198 3
First few image values 1.315381 1.297952 1.245664
Called into systolic matmul!
Using accelerated matmul with dimensions (3136, 288, 96)
Called into systolic matmul!
Using accelerated matmul with dimensions (49, 49, 32)
Called into systolic matmul!
Using accelerated matmul with dimensions (49, 49, 32)
Called into systolic matmul!
Using accelerated matmul with dimensions (49, 49, 32)
Called into systolic matmul!
Using accelerated matmul with dimensions (49, 49, 32)
Called into systolic matmul!
Using accelerated matmul with dimensions (49, 49, 32)
Called into systolic matmul!
Using accelerated matmul with dimensions (49, 49, 32)
Called into systolic matmul!
Using accelerated matmul with dimensions (49, 49, 32)
Called into systolic matmul!
Using accelerated matmul with dimensions (49, 49, 32)
Called into systolic matmul!
Using accelerated matmul with dimensions (49, 49, 32)
Called into systolic matmul!
Using accelerated matmul with dimensions (49, 49, 32)
Called into systolic matmul!
Using accelerated matmul with dimensions (49, 49, 32)
Called into systolic matmul!
Using accelerated matmul with dimensions (49, 49, 32)
Called into systolic matmul!
Using accelerated matmul with dimensions (49, 49, 32)
Called into systolic matmul!
Using accelerated matmul with dimensions (49, 49, 32)
Called into systolic matmul!
Using accelerated matmul with dimensions (49, 49, 32)
Called into systolic matmul!
Using accelerated matmul with dimensions (49, 49, 32)
Called into systolic matmul!
Using accelerated matmul with dimensions (49, 49, 32)
Called into systolic matmul!
Using accelerated matmul with dimensions (49, 49, 32)
Called into systolic matmul!
Using accelerated matmul with dimensions (49, 49, 32)
Called into systolic matmul!
Using accelerated matmul with dimensions (49, 49, 32)
Called into systolic matmul!
Using accelerated matmul with dimensions (49, 49, 32)
Called into systolic matmul!
Using accelerated matmul with dimensions (49, 49, 32)
Called into systolic matmul!
Using accelerated matmul with dimensions (49, 49, 32)
Called into systolic matmul!
Using accelerated matmul with dimensions (49, 49, 32)
Called into systolic matmul!
Using accelerated matmul with dimensions (49, 49, 32)
Called into systolic matmul!
Using accelerated matmul with dimensions (49, 49, 32)
Called into systolic matmul!
Using accelerated matmul with dimensions (49, 49, 32)
Called into systolic matmul!
Using accelerated matmul with dimensions (49, 49, 32)
Called into systolic matmul!
Using accelerated matmul with dimensions (49, 49, 32)
Called into systolic matmul!
Using accelerated matmul with dimensions (49, 49, 32)
Called into systolic matmul!
Using accelerated matmul with dimensions (49, 49, 32)
Called into systolic matmul!
Using accelerated matmul with dimensions (49, 49, 32)
Called into systolic matmul!
Using accelerated matmul with dimensions (49, 49, 32)
Called into systolic matmul!
Using accelerated matmul with dimensions (49, 49, 32)
Called into systolic matmul!
Using accelerated matmul with dimensions (49, 49, 32)
Called into systolic matmul!
Using accelerated matmul with dimensions (49, 49, 32)
Called into systolic matmul!
Using accelerated matmul with dimensions (49, 49, 32)
Called into systolic matmul!
Using accelerated matmul with dimensions (49, 49, 32)
Called into systolic matmul!
Using accelerated matmul with dimensions (49, 49, 32)
Called into systolic matmul!
Using accelerated matmul with dimensions (49, 49, 32)
Called into systolic matmul!
Using accelerated matmul with dimensions (49, 49, 32)
Called into systolic matmul!
Using accelerated matmul with dimensions (49, 49, 32)
Called into systolic matmul!
Using accelerated matmul with dimensions (49, 49, 32)
Called into systolic matmul!
Using accelerated matmul with dimensions (49, 49, 32)
Called into systolic matmul!
Using accelerated matmul with dimensions (49, 49, 32)
Called into systolic matmul!
Using accelerated matmul with dimensions (49, 49, 32)
Called into systolic matmul!
Using accelerated matmul with dimensions (49, 49, 32)
Called into systolic matmul!
Using accelerated matmul with dimensions (49, 49, 32)
Called into systolic matmul!
Using accelerated matmul with dimensions (49, 49, 32)
Called into systolic matmul!
Using accelerated matmul with dimensions (49, 49, 32)
Called into systolic matmul!
Using accelerated matmul with dimensions (49, 49, 32)
Called into systolic matmul!
Using accelerated matmul with dimensions (49, 49, 32)
Called into systolic matmul!
Using accelerated matmul with dimensions (49, 49, 32)
Called into systolic matmul!
Using accelerated matmul with dimensions (49, 49, 32)
Called into systolic matmul!
Using accelerated matmul with dimensions (49, 49, 32)
Called into systolic matmul!
Using accelerated matmul with dimensions (49, 49, 32)
Called into systolic matmul!
Using accelerated matmul with dimensions (49, 49, 32)
Called into systolic matmul!
Using accelerated matmul with dimensions (49, 49, 32)
Called into systolic matmul!
Using accelerated matmul with dimensions (49, 49, 32)
Called into systolic matmul!
Using accelerated matmul with dimensions (49, 49, 32)
Called into systolic matmul!
Using accelerated matmul with dimensions (49, 49, 32)
Called into systolic matmul!
Using accelerated matmul with dimensions (49, 49, 32)
Called into systolic matmul!
Using accelerated matmul with dimensions (49, 49, 32)
Called into systolic matmul!
Using accelerated matmul with dimensions (49, 49, 32)
Called into systolic matmul!
Using accelerated matmul with dimensions (49, 49, 32)
Called into systolic matmul!
Using accelerated matmul with dimensions (49, 49, 32)
Called into systolic matmul!
Using accelerated matmul with dimensions (49, 49, 32)
Called into systolic matmul!
Using accelerated matmul with dimensions (49, 49, 32)
Called into systolic matmul!
Using accelerated matmul with dimensions (49, 49, 32)
Called into systolic matmul!
Using accelerated matmul with dimensions (49, 49, 32)
Called into systolic matmul!
Using accelerated matmul with dimensions (49, 49, 32)
Called into systolic matmul!
Using accelerated matmul with dimensions (49, 49, 32)
Called into systolic matmul!
Using accelerated matmul with dimensions (49, 49, 32)
Called into systolic matmul!
Using accelerated matmul with dimensions (49, 49, 32)
Called into systolic matmul!
Using accelerated matmul with dimensions (49, 49, 32)
Called into systolic matmul!
Using accelerated matmul with dimensions (49, 49, 32)
Called into systolic matmul!
Using accelerated matmul with dimensions (49, 49, 32)
Called into systolic matmul!
Using accelerated matmul with dimensions (49, 49, 32)
Called into systolic matmul!
Using accelerated matmul with dimensions (49, 49, 32)
Called into systolic matmul!
Using accelerated matmul with dimensions (49, 49, 32)
Called into systolic matmul!
Using accelerated matmul with dimensions (49, 49, 32)
Called into systolic matmul!
Using accelerated matmul with dimensions (49, 49, 32)
Called into systolic matmul!
Using accelerated matmul with dimensions (49, 49, 32)
Called into systolic matmul!
Using accelerated matmul with dimensions (49, 49, 32)
Called into systolic matmul!
Using accelerated matmul with dimensions (49, 49, 32)
Called into systolic matmul!
Using accelerated matmul with dimensions (49, 49, 32)
Called into systolic matmul!
Using accelerated matmul with dimensions (49, 49, 32)
Called into systolic matmul!
Using accelerated matmul with dimensions (49, 49, 32)
Called into systolic matmul!
Using accelerated matmul with dimensions (49, 49, 32)
Called into systolic matmul!
Using accelerated matmul with dimensions (49, 49, 32)
Called into systolic matmul!
Using accelerated matmul with dimensions (49, 49, 32)
Called into systolic matmul!
Using accelerated matmul with dimensions (49, 49, 32)
Called into systolic matmul!
Using accelerated matmul with dimensions (49, 49, 32)
Called into systolic matmul!
Using accelerated matmul with dimensions (49, 49, 32)
Called into systolic matmul!
Using accelerated matmul with dimensions (49, 49, 32)
Called into systolic matmul!
Using accelerated matmul with dimensions (49, 49, 32)
Called into systolic matmul!
Using accelerated matmul with dimensions (49, 49, 32)
Called into systolic matmul!
Using accelerated matmul with dimensions (49, 49, 32)
Called into systolic matmul!
Using accelerated matmul with dimensions (49, 49, 32)
Called into systolic matmul!
Using accelerated matmul with dimensions (49, 49, 32)
Called into systolic matmul!
Using accelerated matmul with dimensions (49, 49, 32)
Called into systolic matmul!
Using accelerated matmul with dimensions (49, 49, 32)
Called into systolic matmul!
Using accelerated matmul with dimensions (49, 49, 32)
Called into systolic matmul!
Using accelerated matmul with dimensions (49, 49, 32)
Called into systolic matmul!
Using accelerated matmul with dimensions (49, 49, 32)
Called into systolic matmul!
Using accelerated matmul with dimensions (49, 49, 32)
Called into systolic matmul!
Using accelerated matmul with dimensions (49, 49, 32)
Called into systolic matmul!
Using accelerated matmul with dimensions (49, 49, 32)
Called into systolic matmul!
Using accelerated matmul with dimensions (49, 49, 32)
Called into systolic matmul!
Using accelerated matmul with dimensions (49, 49, 32)
Called into systolic matmul!
Using accelerated matmul with dimensions (49, 49, 32)
Called into systolic matmul!
Using accelerated matmul with dimensions (49, 49, 32)
Called into systolic matmul!
Using accelerated matmul with dimensions (49, 49, 32)
Called into systolic matmul!
Using accelerated matmul with dimensions (49, 49, 32)
Called into systolic matmul!
Using accelerated matmul with dimensions (49, 49, 32)
Called into systolic matmul!
Using accelerated matmul with dimensions (49, 49, 32)
Called into systolic matmul!
Using accelerated matmul with dimensions (49, 49, 32)
Called into systolic matmul!
Using accelerated matmul with dimensions (49, 49, 32)
Called into systolic matmul!
Using accelerated matmul with dimensions (49, 49, 32)
Called into systolic matmul!
Using accelerated matmul with dimensions (49, 49, 32)
Called into systolic matmul!
Using accelerated matmul with dimensions (49, 49, 32)
Called into systolic matmul!
Using accelerated matmul with dimensions (49, 49, 32)
Called into systolic matmul!
Using accelerated matmul with dimensions (49, 49, 32)
Called into systolic matmul!
Using accelerated matmul with dimensions (49, 49, 32)
Called into systolic matmul!
Using accelerated matmul with dimensions (49, 49, 32)
Called into systolic matmul!
Using accelerated matmul with dimensions (49, 49, 32)
Called into systolic matmul!
Using accelerated matmul with dimensions (49, 49, 32)
Called into systolic matmul!
Using accelerated matmul with dimensions (49, 49, 32)
Called into systolic matmul!
Using accelerated matmul with dimensions (49, 49, 32)
Called into systolic matmul!
Using accelerated matmul with dimensions (49, 49, 32)
Called into systolic matmul!
Using accelerated matmul with dimensions (49, 49, 32)
Called into systolic matmul!
Using accelerated matmul with dimensions (49, 49, 32)
Called into systolic matmul!
Using accelerated matmul with dimensions (49, 49, 32)
Called into systolic matmul!
Using accelerated matmul with dimensions (49, 49, 32)
Called into systolic matmul!
Using accelerated matmul with dimensions (49, 49, 32)
Called into systolic matmul!
Using accelerated matmul with dimensions (49, 49, 32)
Called into systolic matmul!
Using accelerated matmul with dimensions (49, 49, 32)
Called into systolic matmul!
Using accelerated matmul with dimensions (49, 49, 32)
Called into systolic matmul!
Using accelerated matmul with dimensions (49, 49, 32)
Called into systolic matmul!
Using accelerated matmul with dimensions (49, 49, 32)
Called into systolic matmul!
Using accelerated matmul with dimensions (49, 49, 32)
Called into systolic matmul!
Using accelerated matmul with dimensions (49, 49, 32)
Called into systolic matmul!
Using accelerated matmul with dimensions (49, 49, 32)
Called into systolic matmul!
Using accelerated matmul with dimensions (49, 49, 32)
Called into systolic matmul!
Using accelerated matmul with dimensions (49, 49, 32)
Called into systolic matmul!
Using accelerated matmul with dimensions (49, 49, 32)
Called into systolic matmul!
Using accelerated matmul with dimensions (49, 49, 32)
Called into systolic matmul!
Using accelerated matmul with dimensions (49, 49, 32)
Called into systolic matmul!
Using accelerated matmul with dimensions (49, 49, 32)
Called into systolic matmul!
Using accelerated matmul with dimensions (49, 49, 32)
Called into systolic matmul!
Using accelerated matmul with dimensions (49, 49, 32)
Called into systolic matmul!
Using accelerated matmul with dimensions (49, 49, 32)
Called into systolic matmul!
Using accelerated matmul with dimensions (49, 49, 32)
Called into systolic matmul!
Using accelerated matmul with dimensions (49, 49, 32)
Called into systolic matmul!
Using accelerated matmul with dimensions (49, 49, 32)
Called into systolic matmul!
Using accelerated matmul with dimensions (49, 49, 32)
Called into systolic matmul!
Using accelerated matmul with dimensions (49, 49, 32)
Called into systolic matmul!
Using accelerated matmul with dimensions (49, 49, 32)
Called into systolic matmul!
Using accelerated matmul with dimensions (49, 49, 32)
Called into systolic matmul!
Using accelerated matmul with dimensions (49, 49, 32)
Called into systolic matmul!
Using accelerated matmul with dimensions (49, 49, 32)
Called into systolic matmul!
Using accelerated matmul with dimensions (49, 49, 32)
Called into systolic matmul!
Using accelerated matmul with dimensions (49, 49, 32)
Called into systolic matmul!
Using accelerated matmul with dimensions (49, 49, 32)
Called into systolic matmul!
Using accelerated matmul with dimensions (49, 49, 32)
Called into systolic matmul!
Using accelerated matmul with dimensions (49, 49, 32)
Called into systolic matmul!
Using accelerated matmul with dimensions (49, 49, 32)
Called into systolic matmul!
Using accelerated matmul with dimensions (49, 49, 32)
Called into systolic matmul!
Using accelerated matmul with dimensions (49, 49, 32)
Called into systolic matmul!
Using accelerated matmul with dimensions (49, 49, 32)
Called into systolic matmul!
Using accelerated matmul with dimensions (49, 49, 32)
Called into systolic matmul!
Using accelerated matmul with dimensions (49, 49, 32)
Called into systolic matmul!
Using accelerated matmul with dimensions (49, 49, 32)
Called into systolic matmul!
Using accelerated matmul with dimensions (49, 49, 32)
Called into systolic matmul!
Using accelerated matmul with dimensions (49, 49, 32)
Called into systolic matmul!
Using accelerated matmul with dimensions (49, 49, 32)
Called into systolic matmul!
Using accelerated matmul with dimensions (49, 49, 32)
Called into systolic matmul!
Using accelerated matmul with dimensions (49, 49, 32)
Called into systolic matmul!
Using accelerated matmul with dimensions (49, 49, 32)
Called into systolic matmul!
Using accelerated matmul with dimensions (49, 49, 32)
Called into systolic matmul!
Using accelerated matmul with dimensions (49, 49, 32)
Called into systolic matmul!
Using accelerated matmul with dimensions (49, 49, 32)
Called into systolic matmul!
Using accelerated matmul with dimensions (49, 49, 32)
Called into systolic matmul!
Using accelerated matmul with dimensions (49, 49, 32)
Called into systolic matmul!
Using accelerated matmul with dimensions (49, 49, 32)
Called into systolic matmul!
Using accelerated matmul with dimensions (49, 49, 32)
Called into systolic matmul!
Using accelerated matmul with dimensions (49, 49, 32)
Called into systolic matmul!
Using accelerated matmul with dimensions (49, 49, 32)
Called into systolic matmul!
Using accelerated matmul with dimensions (49, 49, 32)
Called into systolic matmul!
Using accelerated matmul with dimensions (49, 49, 32)
Called into systolic matmul!
Using accelerated matmul with dimensions (49, 49, 32)
Called into systolic matmul!
Using accelerated matmul with dimensions (49, 49, 32)
Called into systolic matmul!
Using accelerated matmul with dimensions (49, 32, 49)
Called into systolic matmul!
Using accelerated matmul with dimensions (49, 32, 49)
Called into systolic matmul!
Using accelerated matmul with dimensions (49, 32, 49)
Called into systolic matmul!
Using accelerated matmul with dimensions (49, 32, 49)
Called into systolic matmul!
Using accelerated matmul with dimensions (49, 32, 49)
Called into systolic matmul!
Using accelerated matmul with dimensions (49, 32, 49)
Called into systolic matmul!
Using accelerated matmul with dimensions (49, 32, 49)
Called into systolic matmul!
Using accelerated matmul with dimensions (49, 32, 49)
Called into systolic matmul!
Using accelerated matmul with dimensions (49, 32, 49)
Called into systolic matmul!
Using accelerated matmul with dimensions (49, 32, 49)
Called into systolic matmul!
Using accelerated matmul with dimensions (49, 32, 49)
Called into systolic matmul!
Using accelerated matmul with dimensions (49, 32, 49)
Called into systolic matmul!
Using accelerated matmul with dimensions (49, 32, 49)
Called into systolic matmul!
Using accelerated matmul with dimensions (49, 32, 49)
Called into systolic matmul!
Using accelerated matmul with dimensions (49, 32, 49)
Called into systolic matmul!
Using accelerated matmul with dimensions (49, 32, 49)
Called into systolic matmul!
Using accelerated matmul with dimensions (49, 32, 49)
Called into systolic matmul!
Using accelerated matmul with dimensions (49, 32, 49)
Called into systolic matmul!
Using accelerated matmul with dimensions (49, 32, 49)
Called into systolic matmul!
Using accelerated matmul with dimensions (49, 32, 49)
Called into systolic matmul!
Using accelerated matmul with dimensions (49, 32, 49)
Called into systolic matmul!
Using accelerated matmul with dimensions (49, 32, 49)
Called into systolic matmul!
Using accelerated matmul with dimensions (49, 32, 49)
Called into systolic matmul!
Using accelerated matmul with dimensions (49, 32, 49)
Called into systolic matmul!
Using accelerated matmul with dimensions (49, 32, 49)
Called into systolic matmul!
Using accelerated matmul with dimensions (49, 32, 49)
Called into systolic matmul!
Using accelerated matmul with dimensions (49, 32, 49)
Called into systolic matmul!
Using accelerated matmul with dimensions (49, 32, 49)
Called into systolic matmul!
Using accelerated matmul with dimensions (49, 32, 49)
Called into systolic matmul!
Using accelerated matmul with dimensions (49, 32, 49)
Called into systolic matmul!
Using accelerated matmul with dimensions (49, 32, 49)
Called into systolic matmul!
Using accelerated matmul with dimensions (49, 32, 49)
Called into systolic matmul!
Using accelerated matmul with dimensions (49, 32, 49)
Called into systolic matmul!
Using accelerated matmul with dimensions (49, 32, 49)
Called into systolic matmul!
Using accelerated matmul with dimensions (49, 32, 49)
Called into systolic matmul!
Using accelerated matmul with dimensions (49, 32, 49)
Called into systolic matmul!
Using accelerated matmul with dimensions (49, 32, 49)
Called into systolic matmul!
Using accelerated matmul with dimensions (49, 32, 49)
Called into systolic matmul!
Using accelerated matmul with dimensions (49, 32, 49)
Called into systolic matmul!
Using accelerated matmul with dimensions (49, 32, 49)
Called into systolic matmul!
Using accelerated matmul with dimensions (49, 32, 49)
Called into systolic matmul!
Using accelerated matmul with dimensions (49, 32, 49)
Called into systolic matmul!
Using accelerated matmul with dimensions (49, 32, 49)
Called into systolic matmul!
Using accelerated matmul with dimensions (49, 32, 49)
Called into systolic matmul!
Using accelerated matmul with dimensions (49, 32, 49)
Called into systolic matmul!
Using accelerated matmul with dimensions (49, 32, 49)
Called into systolic matmul!
Using accelerated matmul with dimensions (49, 32, 49)
Called into systolic matmul!
Using accelerated matmul with dimensions (49, 32, 49)
Called into systolic matmul!
Using accelerated matmul with dimensions (49, 32, 49)
Called into systolic matmul!
Using accelerated matmul with dimensions (49, 32, 49)
Called into systolic matmul!
Using accelerated matmul with dimensions (49, 32, 49)
Called into systolic matmul!
Using accelerated matmul with dimensions (49, 32, 49)
Called into systolic matmul!
Using accelerated matmul with dimensions (49, 32, 49)
Called into systolic matmul!
Using accelerated matmul with dimensions (49, 32, 49)
Called into systolic matmul!
Using accelerated matmul with dimensions (49, 32, 49)
Called into systolic matmul!
Using accelerated matmul with dimensions (49, 32, 49)
Called into systolic matmul!
Using accelerated matmul with dimensions (49, 32, 49)
Called into systolic matmul!
Using accelerated matmul with dimensions (49, 32, 49)
Called into systolic matmul!
Using accelerated matmul with dimensions (49, 32, 49)
Called into systolic matmul!
Using accelerated matmul with dimensions (49, 32, 49)
Called into systolic matmul!
Using accelerated matmul with dimensions (49, 32, 49)
Called into systolic matmul!
Using accelerated matmul with dimensions (49, 32, 49)
Called into systolic matmul!
Using accelerated matmul with dimensions (49, 32, 49)
Called into systolic matmul!
Using accelerated matmul with dimensions (49, 32, 49)
Called into systolic matmul!
Using accelerated matmul with dimensions (49, 32, 49)
Called into systolic matmul!
Using accelerated matmul with dimensions (49, 32, 49)
Called into systolic matmul!
Using accelerated matmul with dimensions (49, 32, 49)
Called into systolic matmul!
Using accelerated matmul with dimensions (49, 32, 49)
Called into systolic matmul!
Using accelerated matmul with dimensions (49, 32, 49)
Called into systolic matmul!
Using accelerated matmul with dimensions (49, 32, 49)
Called into systolic matmul!
Using accelerated matmul with dimensions (49, 32, 49)
Called into systolic matmul!
Using accelerated matmul with dimensions (49, 32, 49)
Called into systolic matmul!
Using accelerated matmul with dimensions (49, 32, 49)
Called into systolic matmul!
Using accelerated matmul with dimensions (49, 32, 49)
Called into systolic matmul!
Using accelerated matmul with dimensions (49, 32, 49)
Called into systolic matmul!
Using accelerated matmul with dimensions (49, 32, 49)
Called into systolic matmul!
Using accelerated matmul with dimensions (49, 32, 49)
Called into systolic matmul!
Using accelerated matmul with dimensions (49, 32, 49)
Called into systolic matmul!
Using accelerated matmul with dimensions (49, 32, 49)
Called into systolic matmul!
Using accelerated matmul with dimensions (49, 32, 49)
Called into systolic matmul!
Using accelerated matmul with dimensions (49, 32, 49)
Called into systolic matmul!
Using accelerated matmul with dimensions (49, 32, 49)
Called into systolic matmul!
Using accelerated matmul with dimensions (49, 32, 49)
Called into systolic matmul!
Using accelerated matmul with dimensions (49, 32, 49)
Called into systolic matmul!
Using accelerated matmul with dimensions (49, 32, 49)
Called into systolic matmul!
Using accelerated matmul with dimensions (49, 32, 49)
Called into systolic matmul!
Using accelerated matmul with dimensions (49, 32, 49)
Called into systolic matmul!
Using accelerated matmul with dimensions (49, 32, 49)
Called into systolic matmul!
Using accelerated matmul with dimensions (49, 32, 49)
Called into systolic matmul!
Using accelerated matmul with dimensions (49, 32, 49)
Called into systolic matmul!
Using accelerated matmul with dimensions (49, 32, 49)
Called into systolic matmul!
Using accelerated matmul with dimensions (49, 32, 49)
Called into systolic matmul!
Using accelerated matmul with dimensions (49, 32, 49)
Called into systolic matmul!
Using accelerated matmul with dimensions (49, 32, 49)
Called into systolic matmul!
Using accelerated matmul with dimensions (49, 32, 49)
Called into systolic matmul!
Using accelerated matmul with dimensions (49, 32, 49)
Called into systolic matmul!
Using accelerated matmul with dimensions (49, 32, 49)
Called into systolic matmul!
Using accelerated matmul with dimensions (49, 32, 49)
Called into systolic matmul!
Using accelerated matmul with dimensions (49, 32, 49)
Called into systolic matmul!
Using accelerated matmul with dimensions (49, 32, 49)
Called into systolic matmul!
Using accelerated matmul with dimensions (49, 32, 49)
Called into systolic matmul!
Using accelerated matmul with dimensions (49, 32, 49)
Called into systolic matmul!
Using accelerated matmul with dimensions (49, 32, 49)
Called into systolic matmul!
Using accelerated matmul with dimensions (49, 32, 49)
Called into systolic matmul!
Using accelerated matmul with dimensions (49, 32, 49)
Called into systolic matmul!
Using accelerated matmul with dimensions (49, 32, 49)
Called into systolic matmul!
Using accelerated matmul with dimensions (49, 32, 49)
Called into systolic matmul!
Using accelerated matmul with dimensions (49, 32, 49)
Called into systolic matmul!
Using accelerated matmul with dimensions (49, 32, 49)
Called into systolic matmul!
Using accelerated matmul with dimensions (49, 32, 49)
Called into systolic matmul!
Using accelerated matmul with dimensions (49, 32, 49)
Called into systolic matmul!
Using accelerated matmul with dimensions (49, 32, 49)
Called into systolic matmul!
Using accelerated matmul with dimensions (49, 32, 49)
Called into systolic matmul!
Using accelerated matmul with dimensions (49, 32, 49)
Called into systolic matmul!
Using accelerated matmul with dimensions (49, 32, 49)
Called into systolic matmul!
Using accelerated matmul with dimensions (49, 32, 49)
Called into systolic matmul!
Using accelerated matmul with dimensions (49, 32, 49)
Called into systolic matmul!
Using accelerated matmul with dimensions (49, 32, 49)
Called into systolic matmul!
Using accelerated matmul with dimensions (49, 32, 49)
Called into systolic matmul!
Using accelerated matmul with dimensions (49, 32, 49)
Called into systolic matmul!
Using accelerated matmul with dimensions (49, 32, 49)
Called into systolic matmul!
Using accelerated matmul with dimensions (49, 32, 49)
Called into systolic matmul!
Using accelerated matmul with dimensions (49, 32, 49)
Called into systolic matmul!
Using accelerated matmul with dimensions (49, 32, 49)
Called into systolic matmul!
Using accelerated matmul with dimensions (49, 32, 49)
Called into systolic matmul!
Using accelerated matmul with dimensions (49, 32, 49)
Called into systolic matmul!
Using accelerated matmul with dimensions (49, 32, 49)
Called into systolic matmul!
Using accelerated matmul with dimensions (49, 32, 49)
Called into systolic matmul!
Using accelerated matmul with dimensions (49, 32, 49)
Called into systolic matmul!
Using accelerated matmul with dimensions (49, 32, 49)
Called into systolic matmul!
Using accelerated matmul with dimensions (49, 32, 49)
Called into systolic matmul!
Using accelerated matmul with dimensions (49, 32, 49)
Called into systolic matmul!
Using accelerated matmul with dimensions (49, 32, 49)
Called into systolic matmul!
Using accelerated matmul with dimensions (49, 32, 49)
Called into systolic matmul!
Using accelerated matmul with dimensions (49, 32, 49)
Called into systolic matmul!
Using accelerated matmul with dimensions (49, 32, 49)
Called into systolic matmul!
Using accelerated matmul with dimensions (49, 32, 49)
Called into systolic matmul!
Using accelerated matmul with dimensions (49, 32, 49)
Called into systolic matmul!
Using accelerated matmul with dimensions (49, 32, 49)
Called into systolic matmul!
Using accelerated matmul with dimensions (49, 32, 49)
Called into systolic matmul!
Using accelerated matmul with dimensions (49, 32, 49)
Called into systolic matmul!
Using accelerated matmul with dimensions (49, 32, 49)
Called into systolic matmul!
Using accelerated matmul with dimensions (49, 32, 49)
Called into systolic matmul!
Using accelerated matmul with dimensions (49, 32, 49)
Called into systolic matmul!
Using accelerated matmul with dimensions (49, 32, 49)
Called into systolic matmul!
Using accelerated matmul with dimensions (49, 32, 49)
Called into systolic matmul!
Using accelerated matmul with dimensions (49, 32, 49)
Called into systolic matmul!
Using accelerated matmul with dimensions (49, 32, 49)
Called into systolic matmul!
Using accelerated matmul with dimensions (49, 32, 49)
Called into systolic matmul!
Using accelerated matmul with dimensions (49, 32, 49)
Called into systolic matmul!
Using accelerated matmul with dimensions (49, 32, 49)
Called into systolic matmul!
Using accelerated matmul with dimensions (49, 32, 49)
Called into systolic matmul!
Using accelerated matmul with dimensions (49, 32, 49)
Called into systolic matmul!
Using accelerated matmul with dimensions (49, 32, 49)
Called into systolic matmul!
Using accelerated matmul with dimensions (49, 32, 49)
Called into systolic matmul!
Using accelerated matmul with dimensions (49, 32, 49)
Called into systolic matmul!
Using accelerated matmul with dimensions (49, 32, 49)
Called into systolic matmul!
Using accelerated matmul with dimensions (49, 32, 49)
Called into systolic matmul!
Using accelerated matmul with dimensions (49, 32, 49)
Called into systolic matmul!
Using accelerated matmul with dimensions (49, 32, 49)
Called into systolic matmul!
Using accelerated matmul with dimensions (49, 32, 49)
Called into systolic matmul!
Using accelerated matmul with dimensions (49, 32, 49)
Called into systolic matmul!
Using accelerated matmul with dimensions (49, 32, 49)
Called into systolic matmul!
Using accelerated matmul with dimensions (49, 32, 49)
Called into systolic matmul!
Using accelerated matmul with dimensions (49, 32, 49)
Called into systolic matmul!
Using accelerated matmul with dimensions (49, 32, 49)
Called into systolic matmul!
Using accelerated matmul with dimensions (49, 32, 49)
Called into systolic matmul!
Using accelerated matmul with dimensions (49, 32, 49)
Called into systolic matmul!
Using accelerated matmul with dimensions (49, 32, 49)
Called into systolic matmul!
Using accelerated matmul with dimensions (49, 32, 49)
Called into systolic matmul!
Using accelerated matmul with dimensions (49, 32, 49)
Called into systolic matmul!
Using accelerated matmul with dimensions (49, 32, 49)
Called into systolic matmul!
Using accelerated matmul with dimensions (49, 32, 49)
Called into systolic matmul!
Using accelerated matmul with dimensions (49, 32, 49)
Called into systolic matmul!
Using accelerated matmul with dimensions (49, 32, 49)
Called into systolic matmul!
Using accelerated matmul with dimensions (49, 32, 49)
Called into systolic matmul!
Using accelerated matmul with dimensions (49, 32, 49)
Called into systolic matmul!
Using accelerated matmul with dimensions (49, 32, 49)
Called into systolic matmul!
Using accelerated matmul with dimensions (49, 32, 49)
Called into systolic matmul!
Using accelerated matmul with dimensions (49, 32, 49)
Called into systolic matmul!
Using accelerated matmul with dimensions (49, 32, 49)
Called into systolic matmul!
Using accelerated matmul with dimensions (49, 32, 49)
Called into systolic matmul!
Using accelerated matmul with dimensions (49, 32, 49)
Called into systolic matmul!
Using accelerated matmul with dimensions (49, 32, 49)
Called into systolic matmul!
Using accelerated matmul with dimensions (49, 32, 49)
Called into systolic matmul!
Using accelerated matmul with dimensions (49, 32, 49)
Called into systolic matmul!
Using accelerated matmul with dimensions (49, 32, 49)
Called into systolic matmul!
Using accelerated matmul with dimensions (49, 32, 49)
Called into systolic matmul!
Using accelerated matmul with dimensions (49, 32, 49)
Called into systolic matmul!
Using accelerated matmul with dimensions (49, 32, 49)
Called into systolic matmul!
Using accelerated matmul with dimensions (49, 32, 49)
Called into systolic matmul!
Using accelerated matmul with dimensions (49, 32, 49)
Called into systolic matmul!
Using accelerated matmul with dimensions (3136, 96, 96)
Called into systolic matmul!
Using accelerated matmul with dimensions (3136, 384, 96)
Called into systolic matmul!
Using accelerated matmul with dimensions (3136, 96, 384)
Called into systolic matmul!
Using accelerated matmul with dimensions (784, 192, 384)
Called into systolic matmul!
Using accelerated matmul with dimensions (784, 576, 192)
Called into systolic matmul!
Using accelerated matmul with dimensions (49, 49, 32)
Called into systolic matmul!
Using accelerated matmul with dimensions (49, 49, 32)
Called into systolic matmul!
Using accelerated matmul with dimensions (49, 49, 32)
Called into systolic matmul!
Using accelerated matmul with dimensions (49, 49, 32)
Called into systolic matmul!
Using accelerated matmul with dimensions (49, 49, 32)
Called into systolic matmul!
Using accelerated matmul with dimensions (49, 49, 32)
Called into systolic matmul!
Using accelerated matmul with dimensions (49, 49, 32)
Called into systolic matmul!
Using accelerated matmul with dimensions (49, 49, 32)
Called into systolic matmul!
Using accelerated matmul with dimensions (49, 49, 32)
Called into systolic matmul!
Using accelerated matmul with dimensions (49, 49, 32)
Called into systolic matmul!
Using accelerated matmul with dimensions (49, 49, 32)
Called into systolic matmul!
Using accelerated matmul with dimensions (49, 49, 32)
Called into systolic matmul!
Using accelerated matmul with dimensions (49, 49, 32)
Called into systolic matmul!
Using accelerated matmul with dimensions (49, 49, 32)
Called into systolic matmul!
Using accelerated matmul with dimensions (49, 49, 32)
Called into systolic matmul!
Using accelerated matmul with dimensions (49, 49, 32)
Called into systolic matmul!
Using accelerated matmul with dimensions (49, 49, 32)
Called into systolic matmul!
Using accelerated matmul with dimensions (49, 49, 32)
Called into systolic matmul!
Using accelerated matmul with dimensions (49, 49, 32)
Called into systolic matmul!
Using accelerated matmul with dimensions (49, 49, 32)
Called into systolic matmul!
Using accelerated matmul with dimensions (49, 49, 32)
Called into systolic matmul!
Using accelerated matmul with dimensions (49, 49, 32)
Called into systolic matmul!
Using accelerated matmul with dimensions (49, 49, 32)
Called into systolic matmul!
Using accelerated matmul with dimensions (49, 49, 32)
Called into systolic matmul!
Using accelerated matmul with dimensions (49, 49, 32)
Called into systolic matmul!
Using accelerated matmul with dimensions (49, 49, 32)
Called into systolic matmul!
Using accelerated matmul with dimensions (49, 49, 32)
Called into systolic matmul!
Using accelerated matmul with dimensions (49, 49, 32)
Called into systolic matmul!
Using accelerated matmul with dimensions (49, 49, 32)
Called into systolic matmul!
Using accelerated matmul with dimensions (49, 49, 32)
Called into systolic matmul!
Using accelerated matmul with dimensions (49, 49, 32)
Called into systolic matmul!
Using accelerated matmul with dimensions (49, 49, 32)
Called into systolic matmul!
Using accelerated matmul with dimensions (49, 49, 32)
Called into systolic matmul!
Using accelerated matmul with dimensions (49, 49, 32)
Called into systolic matmul!
Using accelerated matmul with dimensions (49, 49, 32)
Called into systolic matmul!
Using accelerated matmul with dimensions (49, 49, 32)
Called into systolic matmul!
Using accelerated matmul with dimensions (49, 49, 32)
Called into systolic matmul!
Using accelerated matmul with dimensions (49, 49, 32)
Called into systolic matmul!
Using accelerated matmul with dimensions (49, 49, 32)
Called into systolic matmul!
Using accelerated matmul with dimensions (49, 49, 32)
Called into systolic matmul!
Using accelerated matmul with dimensions (49, 49, 32)
Called into systolic matmul!
Using accelerated matmul with dimensions (49, 49, 32)
Called into systolic matmul!
Using accelerated matmul with dimensions (49, 49, 32)
Called into systolic matmul!
Using accelerated matmul with dimensions (49, 49, 32)
Called into systolic matmul!
Using accelerated matmul with dimensions (49, 49, 32)
Called into systolic matmul!
Using accelerated matmul with dimensions (49, 49, 32)
Called into systolic matmul!
Using accelerated matmul with dimensions (49, 49, 32)
Called into systolic matmul!
Using accelerated matmul with dimensions (49, 49, 32)
Called into systolic matmul!
Using accelerated matmul with dimensions (49, 49, 32)
Called into systolic matmul!
Using accelerated matmul with dimensions (49, 49, 32)
Called into systolic matmul!
Using accelerated matmul with dimensions (49, 49, 32)
Called into systolic matmul!
Using accelerated matmul with dimensions (49, 49, 32)
Called into systolic matmul!
Using accelerated matmul with dimensions (49, 49, 32)
Called into systolic matmul!
Using accelerated matmul with dimensions (49, 49, 32)
Called into systolic matmul!
Using accelerated matmul with dimensions (49, 49, 32)
Called into systolic matmul!
Using accelerated matmul with dimensions (49, 49, 32)
Called into systolic matmul!
Using accelerated matmul with dimensions (49, 49, 32)
Called into systolic matmul!
Using accelerated matmul with dimensions (49, 49, 32)
Called into systolic matmul!
Using accelerated matmul with dimensions (49, 49, 32)
Called into systolic matmul!
Using accelerated matmul with dimensions (49, 49, 32)
Called into systolic matmul!
Using accelerated matmul with dimensions (49, 49, 32)
Called into systolic matmul!
Using accelerated matmul with dimensions (49, 49, 32)
Called into systolic matmul!
Using accelerated matmul with dimensions (49, 49, 32)
Called into systolic matmul!
Using accelerated matmul with dimensions (49, 49, 32)
Called into systolic matmul!
Using accelerated matmul with dimensions (49, 49, 32)
Called into systolic matmul!
Using accelerated matmul with dimensions (49, 49, 32)
Called into systolic matmul!
Using accelerated matmul with dimensions (49, 49, 32)
Called into systolic matmul!
Using accelerated matmul with dimensions (49, 49, 32)
Called into systolic matmul!
Using accelerated matmul with dimensions (49, 49, 32)
Called into systolic matmul!
Using accelerated matmul with dimensions (49, 49, 32)
Called into systolic matmul!
Using accelerated matmul with dimensions (49, 49, 32)
Called into systolic matmul!
Using accelerated matmul with dimensions (49, 49, 32)
Called into systolic matmul!
Using accelerated matmul with dimensions (49, 49, 32)
Called into systolic matmul!
Using accelerated matmul with dimensions (49, 49, 32)
Called into systolic matmul!
Using accelerated matmul with dimensions (49, 49, 32)
Called into systolic matmul!
Using accelerated matmul with dimensions (49, 49, 32)
Called into systolic matmul!
Using accelerated matmul with dimensions (49, 49, 32)
Called into systolic matmul!
Using accelerated matmul with dimensions (49, 49, 32)
Called into systolic matmul!
Using accelerated matmul with dimensions (49, 49, 32)
Called into systolic matmul!
Using accelerated matmul with dimensions (49, 49, 32)
Called into systolic matmul!
Using accelerated matmul with dimensions (49, 49, 32)
Called into systolic matmul!
Using accelerated matmul with dimensions (49, 49, 32)
Called into systolic matmul!
Using accelerated matmul with dimensions (49, 49, 32)
Called into systolic matmul!
Using accelerated matmul with dimensions (49, 49, 32)
Called into systolic matmul!
Using accelerated matmul with dimensions (49, 49, 32)
Called into systolic matmul!
Using accelerated matmul with dimensions (49, 49, 32)
Called into systolic matmul!
Using accelerated matmul with dimensions (49, 49, 32)
Called into systolic matmul!
Using accelerated matmul with dimensions (49, 49, 32)
Called into systolic matmul!
Using accelerated matmul with dimensions (49, 49, 32)
Called into systolic matmul!
Using accelerated matmul with dimensions (49, 49, 32)
Called into systolic matmul!
Using accelerated matmul with dimensions (49, 49, 32)
Called into systolic matmul!
Using accelerated matmul with dimensions (49, 49, 32)
Called into systolic matmul!
Using accelerated matmul with dimensions (49, 49, 32)
Called into systolic matmul!
Using accelerated matmul with dimensions (49, 49, 32)
Called into systolic matmul!
Using accelerated matmul with dimensions (49, 49, 32)
Called into systolic matmul!
Using accelerated matmul with dimensions (49, 49, 32)
Called into systolic matmul!
Using accelerated matmul with dimensions (49, 32, 49)
Called into systolic matmul!
Using accelerated matmul with dimensions (49, 32, 49)
Called into systolic matmul!
Using accelerated matmul with dimensions (49, 32, 49)
Called into systolic matmul!
Using accelerated matmul with dimensions (49, 32, 49)
Called into systolic matmul!
Using accelerated matmul with dimensions (49, 32, 49)
Called into systolic matmul!
Using accelerated matmul with dimensions (49, 32, 49)
Called into systolic matmul!
Using accelerated matmul with dimensions (49, 32, 49)
Called into systolic matmul!
Using accelerated matmul with dimensions (49, 32, 49)
Called into systolic matmul!
Using accelerated matmul with dimensions (49, 32, 49)
Called into systolic matmul!
Using accelerated matmul with dimensions (49, 32, 49)
Called into systolic matmul!
Using accelerated matmul with dimensions (49, 32, 49)
Called into systolic matmul!
Using accelerated matmul with dimensions (49, 32, 49)
Called into systolic matmul!
Using accelerated matmul with dimensions (49, 32, 49)
Called into systolic matmul!
Using accelerated matmul with dimensions (49, 32, 49)
Called into systolic matmul!
Using accelerated matmul with dimensions (49, 32, 49)
Called into systolic matmul!
Using accelerated matmul with dimensions (49, 32, 49)
Called into systolic matmul!
Using accelerated matmul with dimensions (49, 32, 49)
Called into systolic matmul!
Using accelerated matmul with dimensions (49, 32, 49)
Called into systolic matmul!
Using accelerated matmul with dimensions (49, 32, 49)
Called into systolic matmul!
Using accelerated matmul with dimensions (49, 32, 49)
Called into systolic matmul!
Using accelerated matmul with dimensions (49, 32, 49)
Called into systolic matmul!
Using accelerated matmul with dimensions (49, 32, 49)
Called into systolic matmul!
Using accelerated matmul with dimensions (49, 32, 49)
Called into systolic matmul!
Using accelerated matmul with dimensions (49, 32, 49)
Called into systolic matmul!
Using accelerated matmul with dimensions (49, 32, 49)
Called into systolic matmul!
Using accelerated matmul with dimensions (49, 32, 49)
Called into systolic matmul!
Using accelerated matmul with dimensions (49, 32, 49)
Called into systolic matmul!
Using accelerated matmul with dimensions (49, 32, 49)
Called into systolic matmul!
Using accelerated matmul with dimensions (49, 32, 49)
Called into systolic matmul!
Using accelerated matmul with dimensions (49, 32, 49)
Called into systolic matmul!
Using accelerated matmul with dimensions (49, 32, 49)
Called into systolic matmul!
Using accelerated matmul with dimensions (49, 32, 49)
Called into systolic matmul!
Using accelerated matmul with dimensions (49, 32, 49)
Called into systolic matmul!
Using accelerated matmul with dimensions (49, 32, 49)
Called into systolic matmul!
Using accelerated matmul with dimensions (49, 32, 49)
Called into systolic matmul!
Using accelerated matmul with dimensions (49, 32, 49)
Called into systolic matmul!
Using accelerated matmul with dimensions (49, 32, 49)
Called into systolic matmul!
Using accelerated matmul with dimensions (49, 32, 49)
Called into systolic matmul!
Using accelerated matmul with dimensions (49, 32, 49)
Called into systolic matmul!
Using accelerated matmul with dimensions (49, 32, 49)
Called into systolic matmul!
Using accelerated matmul with dimensions (49, 32, 49)
Called into systolic matmul!
Using accelerated matmul with dimensions (49, 32, 49)
Called into systolic matmul!
Using accelerated matmul with dimensions (49, 32, 49)
Called into systolic matmul!
Using accelerated matmul with dimensions (49, 32, 49)
Called into systolic matmul!
Using accelerated matmul with dimensions (49, 32, 49)
Called into systolic matmul!
Using accelerated matmul with dimensions (49, 32, 49)
Called into systolic matmul!
Using accelerated matmul with dimensions (49, 32, 49)
Called into systolic matmul!
Using accelerated matmul with dimensions (49, 32, 49)
Called into systolic matmul!
Using accelerated matmul with dimensions (49, 32, 49)
Called into systolic matmul!
Using accelerated matmul with dimensions (49, 32, 49)
Called into systolic matmul!
Using accelerated matmul with dimensions (49, 32, 49)
Called into systolic matmul!
Using accelerated matmul with dimensions (49, 32, 49)
Called into systolic matmul!
Using accelerated matmul with dimensions (49, 32, 49)
Called into systolic matmul!
Using accelerated matmul with dimensions (49, 32, 49)
Called into systolic matmul!
Using accelerated matmul with dimensions (49, 32, 49)
Called into systolic matmul!
Using accelerated matmul with dimensions (49, 32, 49)
Called into systolic matmul!
Using accelerated matmul with dimensions (49, 32, 49)
Called into systolic matmul!
Using accelerated matmul with dimensions (49, 32, 49)
Called into systolic matmul!
Using accelerated matmul with dimensions (49, 32, 49)
Called into systolic matmul!
Using accelerated matmul with dimensions (49, 32, 49)
Called into systolic matmul!
Using accelerated matmul with dimensions (49, 32, 49)
Called into systolic matmul!
Using accelerated matmul with dimensions (49, 32, 49)
Called into systolic matmul!
Using accelerated matmul with dimensions (49, 32, 49)
Called into systolic matmul!
Using accelerated matmul with dimensions (49, 32, 49)
Called into systolic matmul!
Using accelerated matmul with dimensions (49, 32, 49)
Called into systolic matmul!
Using accelerated matmul with dimensions (49, 32, 49)
Called into systolic matmul!
Using accelerated matmul with dimensions (49, 32, 49)
Called into systolic matmul!
Using accelerated matmul with dimensions (49, 32, 49)
Called into systolic matmul!
Using accelerated matmul with dimensions (49, 32, 49)
Called into systolic matmul!
Using accelerated matmul with dimensions (49, 32, 49)
Called into systolic matmul!
Using accelerated matmul with dimensions (49, 32, 49)
Called into systolic matmul!
Using accelerated matmul with dimensions (49, 32, 49)
Called into systolic matmul!
Using accelerated matmul with dimensions (49, 32, 49)
Called into systolic matmul!
Using accelerated matmul with dimensions (49, 32, 49)
Called into systolic matmul!
Using accelerated matmul with dimensions (49, 32, 49)
Called into systolic matmul!
Using accelerated matmul with dimensions (49, 32, 49)
Called into systolic matmul!
Using accelerated matmul with dimensions (49, 32, 49)
Called into systolic matmul!
Using accelerated matmul with dimensions (49, 32, 49)
Called into systolic matmul!
Using accelerated matmul with dimensions (49, 32, 49)
Called into systolic matmul!
Using accelerated matmul with dimensions (49, 32, 49)
Called into systolic matmul!
Using accelerated matmul with dimensions (49, 32, 49)
Called into systolic matmul!
Using accelerated matmul with dimensions (49, 32, 49)
Called into systolic matmul!
Using accelerated matmul with dimensions (49, 32, 49)
Called into systolic matmul!
Using accelerated matmul with dimensions (49, 32, 49)
Called into systolic matmul!
Using accelerated matmul with dimensions (49, 32, 49)
Called into systolic matmul!
Using accelerated matmul with dimensions (49, 32, 49)
Called into systolic matmul!
Using accelerated matmul with dimensions (49, 32, 49)
Called into systolic matmul!
Using accelerated matmul with dimensions (49, 32, 49)
Called into systolic matmul!
Using accelerated matmul with dimensions (49, 32, 49)
Called into systolic matmul!
Using accelerated matmul with dimensions (49, 32, 49)
Called into systolic matmul!
Using accelerated matmul with dimensions (49, 32, 49)
Called into systolic matmul!
Using accelerated matmul with dimensions (49, 32, 49)
Called into systolic matmul!
Using accelerated matmul with dimensions (49, 32, 49)
Called into systolic matmul!
Using accelerated matmul with dimensions (49, 32, 49)
Called into systolic matmul!
Using accelerated matmul with dimensions (49, 32, 49)
Called into systolic matmul!
Using accelerated matmul with dimensions (49, 32, 49)
Called into systolic matmul!
Using accelerated matmul with dimensions (784, 192, 192)
Called into systolic matmul!
Using accelerated matmul with dimensions (784, 768, 192)
Called into systolic matmul!
Using accelerated matmul with dimensions (784, 192, 768)
Called into systolic matmul!
Using accelerated matmul with dimensions (196, 384, 768)
Called into systolic matmul!
Using accelerated matmul with dimensions (196, 1152, 384)
Called into systolic matmul!
Using accelerated matmul with dimensions (49, 49, 32)
Called into systolic matmul!
Using accelerated matmul with dimensions (49, 49, 32)
Called into systolic matmul!
Using accelerated matmul with dimensions (49, 49, 32)
Called into systolic matmul!
Using accelerated matmul with dimensions (49, 49, 32)
Called into systolic matmul!
Using accelerated matmul with dimensions (49, 49, 32)
Called into systolic matmul!
Using accelerated matmul with dimensions (49, 49, 32)
Called into systolic matmul!
Using accelerated matmul with dimensions (49, 49, 32)
Called into systolic matmul!
Using accelerated matmul with dimensions (49, 49, 32)
Called into systolic matmul!
Using accelerated matmul with dimensions (49, 49, 32)
Called into systolic matmul!
Using accelerated matmul with dimensions (49, 49, 32)
Called into systolic matmul!
Using accelerated matmul with dimensions (49, 49, 32)
Called into systolic matmul!
Using accelerated matmul with dimensions (49, 49, 32)
Called into systolic matmul!
Using accelerated matmul with dimensions (49, 49, 32)
Called into systolic matmul!
Using accelerated matmul with dimensions (49, 49, 32)
Called into systolic matmul!
Using accelerated matmul with dimensions (49, 49, 32)
Called into systolic matmul!
Using accelerated matmul with dimensions (49, 49, 32)
Called into systolic matmul!
Using accelerated matmul with dimensions (49, 49, 32)
Called into systolic matmul!
Using accelerated matmul with dimensions (49, 49, 32)
Called into systolic matmul!
Using accelerated matmul with dimensions (49, 49, 32)
Called into systolic matmul!
Using accelerated matmul with dimensions (49, 49, 32)
Called into systolic matmul!
Using accelerated matmul with dimensions (49, 49, 32)
Called into systolic matmul!
Using accelerated matmul with dimensions (49, 49, 32)
Called into systolic matmul!
Using accelerated matmul with dimensions (49, 49, 32)
Called into systolic matmul!
Using accelerated matmul with dimensions (49, 49, 32)
Called into systolic matmul!
Using accelerated matmul with dimensions (49, 49, 32)
Called into systolic matmul!
Using accelerated matmul with dimensions (49, 49, 32)
Called into systolic matmul!
Using accelerated matmul with dimensions (49, 49, 32)
Called into systolic matmul!
Using accelerated matmul with dimensions (49, 49, 32)
Called into systolic matmul!
Using accelerated matmul with dimensions (49, 49, 32)
Called into systolic matmul!
Using accelerated matmul with dimensions (49, 49, 32)
Called into systolic matmul!
Using accelerated matmul with dimensions (49, 49, 32)
Called into systolic matmul!
Using accelerated matmul with dimensions (49, 49, 32)
Called into systolic matmul!
Using accelerated matmul with dimensions (49, 49, 32)
Called into systolic matmul!
Using accelerated matmul with dimensions (49, 49, 32)
Called into systolic matmul!
Using accelerated matmul with dimensions (49, 49, 32)
Called into systolic matmul!
Using accelerated matmul with dimensions (49, 49, 32)
Called into systolic matmul!
Using accelerated matmul with dimensions (49, 49, 32)
Called into systolic matmul!
Using accelerated matmul with dimensions (49, 49, 32)
Called into systolic matmul!
Using accelerated matmul with dimensions (49, 49, 32)
Called into systolic matmul!
Using accelerated matmul with dimensions (49, 49, 32)
Called into systolic matmul!
Using accelerated matmul with dimensions (49, 49, 32)
Called into systolic matmul!
Using accelerated matmul with dimensions (49, 49, 32)
Called into systolic matmul!
Using accelerated matmul with dimensions (49, 49, 32)
Called into systolic matmul!
Using accelerated matmul with dimensions (49, 49, 32)
Called into systolic matmul!
Using accelerated matmul with dimensions (49, 49, 32)
Called into systolic matmul!
Using accelerated matmul with dimensions (49, 49, 32)
Called into systolic matmul!
Using accelerated matmul with dimensions (49, 49, 32)
Called into systolic matmul!
Using accelerated matmul with dimensions (49, 49, 32)
Called into systolic matmul!
Using accelerated matmul with dimensions (49, 32, 49)
Called into systolic matmul!
Using accelerated matmul with dimensions (49, 32, 49)
Called into systolic matmul!
Using accelerated matmul with dimensions (49, 32, 49)
Called into systolic matmul!
Using accelerated matmul with dimensions (49, 32, 49)
Called into systolic matmul!
Using accelerated matmul with dimensions (49, 32, 49)
Called into systolic matmul!
Using accelerated matmul with dimensions (49, 32, 49)
Called into systolic matmul!
Using accelerated matmul with dimensions (49, 32, 49)
Called into systolic matmul!
Using accelerated matmul with dimensions (49, 32, 49)
Called into systolic matmul!
Using accelerated matmul with dimensions (49, 32, 49)
Called into systolic matmul!
Using accelerated matmul with dimensions (49, 32, 49)
Called into systolic matmul!
Using accelerated matmul with dimensions (49, 32, 49)
Called into systolic matmul!
Using accelerated matmul with dimensions (49, 32, 49)
Called into systolic matmul!
Using accelerated matmul with dimensions (49, 32, 49)
Called into systolic matmul!
Using accelerated matmul with dimensions (49, 32, 49)
Called into systolic matmul!
Using accelerated matmul with dimensions (49, 32, 49)
Called into systolic matmul!
Using accelerated matmul with dimensions (49, 32, 49)
Called into systolic matmul!
Using accelerated matmul with dimensions (49, 32, 49)
Called into systolic matmul!
Using accelerated matmul with dimensions (49, 32, 49)
Called into systolic matmul!
Using accelerated matmul with dimensions (49, 32, 49)
Called into systolic matmul!
Using accelerated matmul with dimensions (49, 32, 49)
Called into systolic matmul!
Using accelerated matmul with dimensions (49, 32, 49)
Called into systolic matmul!
Using accelerated matmul with dimensions (49, 32, 49)
Called into systolic matmul!
Using accelerated matmul with dimensions (49, 32, 49)
Called into systolic matmul!
Using accelerated matmul with dimensions (49, 32, 49)
Called into systolic matmul!
Using accelerated matmul with dimensions (49, 32, 49)
Called into systolic matmul!
Using accelerated matmul with dimensions (49, 32, 49)
Called into systolic matmul!
Using accelerated matmul with dimensions (49, 32, 49)
Called into systolic matmul!
Using accelerated matmul with dimensions (49, 32, 49)
Called into systolic matmul!
Using accelerated matmul with dimensions (49, 32, 49)
Called into systolic matmul!
Using accelerated matmul with dimensions (49, 32, 49)
Called into systolic matmul!
Using accelerated matmul with dimensions (49, 32, 49)
Called into systolic matmul!
Using accelerated matmul with dimensions (49, 32, 49)
Called into systolic matmul!
Using accelerated matmul with dimensions (49, 32, 49)
Called into systolic matmul!
Using accelerated matmul with dimensions (49, 32, 49)
Called into systolic matmul!
Using accelerated matmul with dimensions (49, 32, 49)
Called into systolic matmul!
Using accelerated matmul with dimensions (49, 32, 49)
Called into systolic matmul!
Using accelerated matmul with dimensions (49, 32, 49)
Called into systolic matmul!
Using accelerated matmul with dimensions (49, 32, 49)
Called into systolic matmul!
Using accelerated matmul with dimensions (49, 32, 49)
Called into systolic matmul!
Using accelerated matmul with dimensions (49, 32, 49)
Called into systolic matmul!
Using accelerated matmul with dimensions (49, 32, 49)
Called into systolic matmul!
Using accelerated matmul with dimensions (49, 32, 49)
Called into systolic matmul!
Using accelerated matmul with dimensions (49, 32, 49)
Called into systolic matmul!
Using accelerated matmul with dimensions (49, 32, 49)
Called into systolic matmul!
Using accelerated matmul with dimensions (49, 32, 49)
Called into systolic matmul!
Using accelerated matmul with dimensions (49, 32, 49)
Called into systolic matmul!
Using accelerated matmul with dimensions (49, 32, 49)
Called into systolic matmul!
Using accelerated matmul with dimensions (49, 32, 49)
Called into systolic matmul!
Using accelerated matmul with dimensions (196, 384, 384)
Called into systolic matmul!
Using accelerated matmul with dimensions (196, 1536, 384)
Called into systolic matmul!
Using accelerated matmul with dimensions (196, 384, 1536)
Called into systolic matmul!
Using accelerated matmul with dimensions (49, 768, 1536)
Called into systolic matmul!
Using accelerated matmul with dimensions (49, 2304, 768)
Called into systolic matmul!
Using accelerated matmul with dimensions (49, 49, 32)
Called into systolic matmul!
Using accelerated matmul with dimensions (49, 49, 32)
Called into systolic matmul!
Using accelerated matmul with dimensions (49, 49, 32)
Called into systolic matmul!
Using accelerated matmul with dimensions (49, 49, 32)
Called into systolic matmul!
Using accelerated matmul with dimensions (49, 49, 32)
Called into systolic matmul!
Using accelerated matmul with dimensions (49, 49, 32)
Called into systolic matmul!
Using accelerated matmul with dimensions (49, 49, 32)
Called into systolic matmul!
Using accelerated matmul with dimensions (49, 49, 32)
Called into systolic matmul!
Using accelerated matmul with dimensions (49, 49, 32)
Called into systolic matmul!
Using accelerated matmul with dimensions (49, 49, 32)
Called into systolic matmul!
Using accelerated matmul with dimensions (49, 49, 32)
Called into systolic matmul!
Using accelerated matmul with dimensions (49, 49, 32)
Called into systolic matmul!
Using accelerated matmul with dimensions (49, 49, 32)
Called into systolic matmul!
Using accelerated matmul with dimensions (49, 49, 32)
Called into systolic matmul!
Using accelerated matmul with dimensions (49, 49, 32)
Called into systolic matmul!
Using accelerated matmul with dimensions (49, 49, 32)
Called into systolic matmul!
Using accelerated matmul with dimensions (49, 49, 32)
Called into systolic matmul!
Using accelerated matmul with dimensions (49, 49, 32)
Called into systolic matmul!
Using accelerated matmul with dimensions (49, 49, 32)
Called into systolic matmul!
Using accelerated matmul with dimensions (49, 49, 32)
Called into systolic matmul!
Using accelerated matmul with dimensions (49, 49, 32)
Called into systolic matmul!
Using accelerated matmul with dimensions (49, 49, 32)
Called into systolic matmul!
Using accelerated matmul with dimensions (49, 49, 32)
Called into systolic matmul!
Using accelerated matmul with dimensions (49, 49, 32)
Called into systolic matmul!
Using accelerated matmul with dimensions (49, 32, 49)
Called into systolic matmul!
Using accelerated matmul with dimensions (49, 32, 49)
Called into systolic matmul!
Using accelerated matmul with dimensions (49, 32, 49)
Called into systolic matmul!
Using accelerated matmul with dimensions (49, 32, 49)
Called into systolic matmul!
Using accelerated matmul with dimensions (49, 32, 49)
Called into systolic matmul!
Using accelerated matmul with dimensions (49, 32, 49)
Called into systolic matmul!
Using accelerated matmul with dimensions (49, 32, 49)
Called into systolic matmul!
Using accelerated matmul with dimensions (49, 32, 49)
Called into systolic matmul!
Using accelerated matmul with dimensions (49, 32, 49)
Called into systolic matmul!
Using accelerated matmul with dimensions (49, 32, 49)
Called into systolic matmul!
Using accelerated matmul with dimensions (49, 32, 49)
Called into systolic matmul!
Using accelerated matmul with dimensions (49, 32, 49)
Called into systolic matmul!
Using accelerated matmul with dimensions (49, 32, 49)
Called into systolic matmul!
Using accelerated matmul with dimensions (49, 32, 49)
Called into systolic matmul!
Using accelerated matmul with dimensions (49, 32, 49)
Called into systolic matmul!
Using accelerated matmul with dimensions (49, 32, 49)
Called into systolic matmul!
Using accelerated matmul with dimensions (49, 32, 49)
Called into systolic matmul!
Using accelerated matmul with dimensions (49, 32, 49)
Called into systolic matmul!
Using accelerated matmul with dimensions (49, 32, 49)
Called into systolic matmul!
Using accelerated matmul with dimensions (49, 32, 49)
Called into systolic matmul!
Using accelerated matmul with dimensions (49, 32, 49)
Called into systolic matmul!
Using accelerated matmul with dimensions (49, 32, 49)
Called into systolic matmul!
Using accelerated matmul with dimensions (49, 32, 49)
Called into systolic matmul!
Using accelerated matmul with dimensions (49, 32, 49)
Called into systolic matmul!
Using accelerated matmul with dimensions (49, 768, 768)
Called into systolic matmul!
Using accelerated matmul with dimensions (49, 3072, 768)
Called into systolic matmul!
Using accelerated matmul with dimensions (49, 768, 3072)
Element count 1000. Top 5 classes:
0.000019 switch, electric switch, electrical switch
0.000020 spoonbill
0.000020 medicine chest, medicine cabinet
0.000026 sundial
0.000032 window screen
Done! Inference took 3632177933 cycles 
Gemmini extension configured with:
    dim = 16
